//ey{"message":"::1 - - [24/Apr/2020:16:30:05 +0000] \"GET /impartes HTTP/1.1\" 304 - \"http://localhost:4200/home\" \"Mozilla/5.0 (Windows NT 10.0; Win64; x64) AppleWebKit/537.36 (KHTML, like Gecko) Chrome/81.0.4044.122 Safari/537.36\"\n","level":"info"}
{"message":"::1 - - [24/Apr/2020:16:30:05 +0000] \"GET /notificaciones/NotisUsuario/1030 HTTP/1.1\" 304 - \"http://localhost:4200/home\" \"Mozilla/5.0 (Windows NT 10.0; Win64; x64) AppleWebKit/537.36 (KHTML, like Gecko) Chrome/81.0.4044.122 Safari/537.36\"\n","level":"info"}
{"message":"::1 - - [24/Apr/2020:16:30:05 +0000] \"GET /profesores HTTP/1.1\" 304 - \"http://localhost:4200/home\" \"Mozilla/5.0 (Windows NT 10.0; Win64; x64) AppleWebKit/537.36 (KHTML, like Gecko) Chrome/81.0.4044.122 Safari/537.36\"\n","level":"info"}
{"message":"::1 - - [24/Apr/2020:16:30:05 +0000] \"GET /usuarios/1030 HTTP/1.1\" 200 353 \"http://localhost:4200/\" \"Mozilla/5.0 (Windows NT 10.0; Win64; x64) AppleWebKit/537.36 (KHTML, like Gecko) Chrome/81.0.4044.122 Safari/537.36\"\n","level":"info"}
{"message":"::1 - - [24/Apr/2020:16:30:05 +0000] \"GET /usuarios/1030 HTTP/1.1\" 304 - \"http://localhost:4200/home\" \"Mozilla/5.0 (Windows NT 10.0; Win64; x64) AppleWebKit/537.36 (KHTML, like Gecko) Chrome/81.0.4044.122 Safari/537.36\"\n","level":"info"}
{"message":"::1 - - [24/Apr/2020:16:30:05 +0000] \"GET /usuarios/1 HTTP/1.1\" 304 - \"http://localhost:4200/home\" \"Mozilla/5.0 (Windows NT 10.0; Win64; x64) AppleWebKit/537.36 (KHTML, like Gecko) Chrome/81.0.4044.122 Safari/537.36\"\n","level":"info"}
{"message":"::1 - - [24/Apr/2020:16:30:05 +0000] \"GET /usuarios/2 HTTP/1.1\" 304 - \"http://localhost:4200/home\" \"Mozilla/5.0 (Windows NT 10.0; Win64; x64) AppleWebKit/537.36 (KHTML, like Gecko) Chrome/81.0.4044.122 Safari/537.36\"\n","level":"info"}
{"message":"::1 - - [24/Apr/2020:16:30:05 +0000] \"GET /usuarios/3 HTTP/1.1\" 304 - \"http://localhost:4200/home\" \"Mozilla/5.0 (Windows NT 10.0; Win64; x64) AppleWebKit/537.36 (KHTML, like Gecko) Chrome/81.0.4044.122 Safari/537.36\"\n","level":"info"}
{"message":"::1 - - [24/Apr/2020:16:30:05 +0000] \"GET /usuarios/4 HTTP/1.1\" 304 - \"http://localhost:4200/home\" \"Mozilla/5.0 (Windows NT 10.0; Win64; x64) AppleWebKit/537.36 (KHTML, like Gecko) Chrome/81.0.4044.122 Safari/537.36\"\n","level":"info"}
{"message":"::1 - - [24/Apr/2020:16:30:05 +0000] \"GET /usuarios/5 HTTP/1.1\" 304 - \"http://localhost:4200/home\" \"Mozilla/5.0 (Windows NT 10.0; Win64; x64) AppleWebKit/537.36 (KHTML, like Gecko) Chrome/81.0.4044.122 Safari/537.36\"\n","level":"info"}
{"message":"::1 - - [24/Apr/2020:16:30:05 +0000] \"GET /usuarios/6 HTTP/1.1\" 304 - \"http://localhost:4200/home\" \"Mozilla/5.0 (Windows NT 10.0; Win64; x64) AppleWebKit/537.36 (KHTML, like Gecko) Chrome/81.0.4044.122 Safari/537.36\"\n","level":"info"}
{"message":"::1 - - [24/Apr/2020:16:30:05 +0000] \"GET /usuarios/8 HTTP/1.1\" 304 - \"http://localhost:4200/home\" \"Mozilla/5.0 (Windows NT 10.0; Win64; x64) AppleWebKit/537.36 (KHTML, like Gecko) Chrome/81.0.4044.122 Safari/537.36\"\n","level":"info"}
{"message":"::1 - - [24/Apr/2020:16:30:05 +0000] \"GET /usuarios/7 HTTP/1.1\" 304 - \"http://localhost:4200/home\" \"Mozilla/5.0 (Windows NT 10.0; Win64; x64) AppleWebKit/537.36 (KHTML, like Gecko) Chrome/81.0.4044.122 Safari/537.36\"\n","level":"info"}
{"message":"::1 - - [24/Apr/2020:16:30:05 +0000] \"GET /imagenes/usuarios/1030-742.webp HTTP/1.1\" 200 18492 \"http://localhost:4200/home\" \"Mozilla/5.0 (Windows NT 10.0; Win64; x64) AppleWebKit/537.36 (KHTML, like Gecko) Chrome/81.0.4044.122 Safari/537.36\"\n","level":"info"}
{"message":"::1 - - [20/May/2020:11:08:00 +0000] \"GET /usuarios/1 HTTP/1.1\" 304 - \"http://localhost:4200/\" \"Mozilla/5.0 (Windows NT 10.0; Win64; x64) AppleWebKit/537.36 (KHTML, like Gecko) Chrome/81.0.4044.138 Safari/537.36\"\n","level":"info"}
{"message":"::1 - - [20/May/2020:11:08:00 +0000] \"GET /profesores HTTP/1.1\" 304 - \"http://localhost:4200/\" \"Mozilla/5.0 (Windows NT 10.0; Win64; x64) AppleWebKit/537.36 (KHTML, like Gecko) Chrome/81.0.4044.138 Safari/537.36\"\n","level":"info"}
{"message":"::1 - - [20/May/2020:11:08:00 +0000] \"GET /impartes HTTP/1.1\" 304 - \"http://localhost:4200/home\" \"Mozilla/5.0 (Windows NT 10.0; Win64; x64) AppleWebKit/537.36 (KHTML, like Gecko) Chrome/81.0.4044.138 Safari/537.36\"\n","level":"info"}
{"message":"::1 - - [20/May/2020:11:08:00 +0000] \"GET /profesores/mejoresValorados HTTP/1.1\" 304 - \"http://localhost:4200/home\" \"Mozilla/5.0 (Windows NT 10.0; Win64; x64) AppleWebKit/537.36 (KHTML, like Gecko) Chrome/81.0.4044.138 Safari/537.36\"\n","level":"info"}
{"message":"::1 - - [20/May/2020:11:08:00 +0000] \"GET /notificaciones/NotisUsuario/1 HTTP/1.1\" 304 - \"http://localhost:4200/home\" \"Mozilla/5.0 (Windows NT 10.0; Win64; x64) AppleWebKit/537.36 (KHTML, like Gecko) Chrome/81.0.4044.138 Safari/537.36\"\n","level":"info"}
{"message":"::1 - - [20/May/2020:11:08:00 +0000] \"GET /usuarios/1 HTTP/1.1\" 304 - \"http://localhost:4200/home\" \"Mozilla/5.0 (Windows NT 10.0; Win64; x64) AppleWebKit/537.36 (KHTML, like Gecko) Chrome/81.0.4044.138 Safari/537.36\"\n","level":"info"}
{"message":"::1 - - [20/May/2020:11:08:00 +0000] \"GET /imagenes/usuarios/1-268.webp HTTP/1.1\" 304 - \"http://localhost:4200/home\" \"Mozilla/5.0 (Windows NT 10.0; Win64; x64) AppleWebKit/537.36 (KHTML, like Gecko) Chrome/81.0.4044.138 Safari/537.36\"\n","level":"info"}
{"message":"::1 - - [20/May/2020:11:08:00 +0000] \"GET /profesores HTTP/1.1\" 304 - \"http://localhost:4200/home\" \"Mozilla/5.0 (Windows NT 10.0; Win64; x64) AppleWebKit/537.36 (KHTML, like Gecko) Chrome/81.0.4044.138 Safari/537.36\"\n","level":"info"}
{"message":"::1 - - [20/May/2020:11:08:00 +0000] \"GET /usuarios/1 HTTP/1.1\" 304 - \"http://localhost:4200/home\" \"Mozilla/5.0 (Windows NT 10.0; Win64; x64) AppleWebKit/537.36 (KHTML, like Gecko) Chrome/81.0.4044.138 Safari/537.36\"\n","level":"info"}
{"message":"::1 - - [20/May/2020:11:08:00 +0000] \"GET /usuarios/1003 HTTP/1.1\" 304 - \"http://localhost:4200/home\" \"Mozilla/5.0 (Windows NT 10.0; Win64; x64) AppleWebKit/537.36 (KHTML, like Gecko) Chrome/81.0.4044.138 Safari/537.36\"\n","level":"info"}
{"message":"::1 - - [20/May/2020:11:08:00 +0000] \"GET /usuarios/3 HTTP/1.1\" 304 - \"http://localhost:4200/home\" \"Mozilla/5.0 (Windows NT 10.0; Win64; x64) AppleWebKit/537.36 (KHTML, like Gecko) Chrome/81.0.4044.138 Safari/537.36\"\n","level":"info"}
{"message":"::1 - - [20/May/2020:11:08:00 +0000] \"GET /usuarios/1030 HTTP/1.1\" 304 - \"http://localhost:4200/home\" \"Mozilla/5.0 (Windows NT 10.0; Win64; x64) AppleWebKit/537.36 (KHTML, like Gecko) Chrome/81.0.4044.138 Safari/537.36\"\n","level":"info"}
{"message":"::1 - - [20/May/2020:11:08:00 +0000] \"GET /usuarios/5 HTTP/1.1\" 304 - \"http://localhost:4200/home\" \"Mozilla/5.0 (Windows NT 10.0; Win64; x64) AppleWebKit/537.36 (KHTML, like Gecko) Chrome/81.0.4044.138 Safari/537.36\"\n","level":"info"}
{"message":"::1 - - [20/May/2020:11:08:00 +0000] \"GET /usuarios/6 HTTP/1.1\" 304 - \"http://localhost:4200/home\" \"Mozilla/5.0 (Windows NT 10.0; Win64; x64) AppleWebKit/537.36 (KHTML, like Gecko) Chrome/81.0.4044.138 Safari/537.36\"\n","level":"info"}
{"message":"::1 - - [20/May/2020:11:08:00 +0000] \"GET /usuarios/7 HTTP/1.1\" 304 - \"http://localhost:4200/home\" \"Mozilla/5.0 (Windows NT 10.0; Win64; x64) AppleWebKit/537.36 (KHTML, like Gecko) Chrome/81.0.4044.138 Safari/537.36\"\n","level":"info"}
{"message":"::1 - - [20/May/2020:11:08:00 +0000] \"GET /usuarios/8 HTTP/1.1\" 304 - \"http://localhost:4200/home\" \"Mozilla/5.0 (Windows NT 10.0; Win64; x64) AppleWebKit/537.36 (KHTML, like Gecko) Chrome/81.0.4044.138 Safari/537.36\"\n","level":"info"}
{"message":"::1 - - [20/May/2020:11:08:01 +0000] \"GET /imagenes/usuarios/1003-786.webp HTTP/1.1\" 304 - \"http://localhost:4200/home\" \"Mozilla/5.0 (Windows NT 10.0; Win64; x64) AppleWebKit/537.36 (KHTML, like Gecko) Chrome/81.0.4044.138 Safari/537.36\"\n","level":"info"}
{"message":"::1 - - [20/May/2020:11:08:01 +0000] \"GET /imagenes/usuarios/1030-615.webp HTTP/1.1\" 304 - \"http://localhost:4200/home\" \"Mozilla/5.0 (Windows NT 10.0; Win64; x64) AppleWebKit/537.36 (KHTML, like Gecko) Chrome/81.0.4044.138 Safari/537.36\"\n","level":"info"}
{"message":"::1 - - [20/May/2020:11:08:04 +0000] \"OPTIONS /notificaciones/52 HTTP/1.1\" 200 19 \"http://localhost:4200/home\" \"Mozilla/5.0 (Windows NT 10.0; Win64; x64) AppleWebKit/537.36 (KHTML, like Gecko) Chrome/81.0.4044.138 Safari/537.36\"\n","level":"info"}
{"message":"::1 - - [20/May/2020:11:08:04 +0000] \"DELETE /notificaciones/52 HTTP/1.1\" 200 23 \"http://localhost:4200/home\" \"Mozilla/5.0 (Windows NT 10.0; Win64; x64) AppleWebKit/537.36 (KHTML, like Gecko) Chrome/81.0.4044.138 Safari/537.36\"\n","level":"info"}
{"message":"::1 - - [20/May/2020:11:08:04 +0000] \"GET /notificaciones/NotisUsuario/1 HTTP/1.1\" 200 2 \"http://localhost:4200/home\" \"Mozilla/5.0 (Windows NT 10.0; Win64; x64) AppleWebKit/537.36 (KHTML, like Gecko) Chrome/81.0.4044.138 Safari/537.36\"\n","level":"info"}
{"message":"::1 - - [20/May/2020:11:08:12 +0000] \"GET /usuarios/1 HTTP/1.1\" 304 - \"http://localhost:4200/panel-usuario/videoconferencia/\" \"Mozilla/5.0 (Windows NT 10.0; Win64; x64) AppleWebKit/537.36 (KHTML, like Gecko) Chrome/81.0.4044.138 Safari/537.36\"\n","level":"info"}
{"message":"::1 - - [20/May/2020:11:08:12 +0000] \"GET /profesores HTTP/1.1\" 304 - \"http://localhost:4200/panel-usuario/videoconferencia/\" \"Mozilla/5.0 (Windows NT 10.0; Win64; x64) AppleWebKit/537.36 (KHTML, like Gecko) Chrome/81.0.4044.138 Safari/537.36\"\n","level":"info"}
{"message":"::1 - - [20/May/2020:11:08:12 +0000] \"GET /usuarios/1 HTTP/1.1\" 304 - \"http://localhost:4200/panel-usuario/videoconferencia\" \"Mozilla/5.0 (Windows NT 10.0; Win64; x64) AppleWebKit/537.36 (KHTML, like Gecko) Chrome/81.0.4044.138 Safari/537.36\"\n","level":"info"}
{"message":"::1 - - [20/May/2020:11:08:12 +0000] \"GET /imagenes/usuarios/1-268.webp HTTP/1.1\" 304 - \"http://localhost:4200/panel-usuario/videoconferencia\" \"Mozilla/5.0 (Windows NT 10.0; Win64; x64) AppleWebKit/537.36 (KHTML, like Gecko) Chrome/81.0.4044.138 Safari/537.36\"\n","level":"info"}
{"message":"::1 - - [20/May/2020:11:08:12 +0000] \"GET /profesores HTTP/1.1\" 304 - \"http://localhost:4200/panel-usuario/videoconferencia\" \"Mozilla/5.0 (Windows NT 10.0; Win64; x64) AppleWebKit/537.36 (KHTML, like Gecko) Chrome/81.0.4044.138 Safari/537.36\"\n","level":"info"}
{"message":"::1 - - [20/May/2020:11:08:29 +0000] \"GET /usuarios/1 HTTP/1.1\" 304 - \"http://localhost:4200/panel-usuario/videoconferencia\" \"Mozilla/5.0 (Windows NT 10.0; Win64; x64) AppleWebKit/537.36 (KHTML, like Gecko) Chrome/81.0.4044.138 Safari/537.36\"\n","level":"info"}
{"message":"::1 - - [20/May/2020:11:08:29 +0000] \"GET /profesores HTTP/1.1\" 304 - \"http://localhost:4200/panel-usuario/videoconferencia\" \"Mozilla/5.0 (Windows NT 10.0; Win64; x64) AppleWebKit/537.36 (KHTML, like Gecko) Chrome/81.0.4044.138 Safari/537.36\"\n","level":"info"}
{"message":"::1 - - [20/May/2020:11:08:29 +0000] \"GET /usuarios/1 HTTP/1.1\" 304 - \"http://localhost:4200/panel-usuario/videoconferencia\" \"Mozilla/5.0 (Windows NT 10.0; Win64; x64) AppleWebKit/537.36 (KHTML, like Gecko) Chrome/81.0.4044.138 Safari/537.36\"\n","level":"info"}
{"message":"::1 - - [20/May/2020:11:08:29 +0000] \"GET /profesores HTTP/1.1\" 304 - \"http://localhost:4200/panel-usuario/videoconferencia\" \"Mozilla/5.0 (Windows NT 10.0; Win64; x64) AppleWebKit/537.36 (KHTML, like Gecko) Chrome/81.0.4044.138 Safari/537.36\"\n","level":"info"}
{"message":"::1 - - [20/May/2020:11:08:29 +0000] \"GET /imagenes/usuarios/1-268.webp HTTP/1.1\" 304 - \"http://localhost:4200/panel-usuario/videoconferencia\" \"Mozilla/5.0 (Windows NT 10.0; Win64; x64) AppleWebKit/537.36 (KHTML, like Gecko) Chrome/81.0.4044.138 Safari/537.36\"\n","level":"info"}
{"message":"::1 - - [20/May/2020:11:09:09 +0000] \"GET /usuarios/1 HTTP/1.1\" 304 - \"http://localhost:4200/panel-usuario/videoconferencia\" \"Mozilla/5.0 (Windows NT 10.0; Win64; x64) AppleWebKit/537.36 (KHTML, like Gecko) Chrome/81.0.4044.138 Safari/537.36\"\n","level":"info"}
{"message":"::1 - - [20/May/2020:11:09:09 +0000] \"GET /profesores HTTP/1.1\" 304 - \"http://localhost:4200/panel-usuario/videoconferencia\" \"Mozilla/5.0 (Windows NT 10.0; Win64; x64) AppleWebKit/537.36 (KHTML, like Gecko) Chrome/81.0.4044.138 Safari/537.36\"\n","level":"info"}
{"message":"::1 - - [20/May/2020:11:09:09 +0000] \"GET /usuarios/1 HTTP/1.1\" 304 - \"http://localhost:4200/panel-usuario/videoconferencia\" \"Mozilla/5.0 (Windows NT 10.0; Win64; x64) AppleWebKit/537.36 (KHTML, like Gecko) Chrome/81.0.4044.138 Safari/537.36\"\n","level":"info"}
{"message":"::1 - - [20/May/2020:11:09:09 +0000] \"GET /imagenes/usuarios/1-268.webp HTTP/1.1\" 304 - \"http://localhost:4200/panel-usuario/videoconferencia\" \"Mozilla/5.0 (Windows NT 10.0; Win64; x64) AppleWebKit/537.36 (KHTML, like Gecko) Chrome/81.0.4044.138 Safari/537.36\"\n","level":"info"}
{"message":"::1 - - [20/May/2020:11:09:09 +0000] \"GET /profesores HTTP/1.1\" 304 - \"http://localhost:4200/panel-usuario/videoconferencia\" \"Mozilla/5.0 (Windows NT 10.0; Win64; x64) AppleWebKit/537.36 (KHTML, like Gecko) Chrome/81.0.4044.138 Safari/537.36\"\n","level":"info"}
{"message":"::1 - - [20/May/2020:11:09:46 +0000] \"GET /usuarios/1 HTTP/1.1\" 304 - \"http://localhost:4200/panel-usuario/videoconferencia\" \"Mozilla/5.0 (Windows NT 10.0; Win64; x64) AppleWebKit/537.36 (KHTML, like Gecko) Chrome/81.0.4044.138 Safari/537.36\"\n","level":"info"}
{"message":"::1 - - [20/May/2020:11:09:46 +0000] \"GET /profesores HTTP/1.1\" 304 - \"http://localhost:4200/panel-usuario/videoconferencia\" \"Mozilla/5.0 (Windows NT 10.0; Win64; x64) AppleWebKit/537.36 (KHTML, like Gecko) Chrome/81.0.4044.138 Safari/537.36\"\n","level":"info"}
{"message":"::1 - - [20/May/2020:11:09:47 +0000] \"GET /usuarios/1 HTTP/1.1\" 304 - \"http://localhost:4200/panel-usuario/videoconferencia\" \"Mozilla/5.0 (Windows NT 10.0; Win64; x64) AppleWebKit/537.36 (KHTML, like Gecko) Chrome/81.0.4044.138 Safari/537.36\"\n","level":"info"}
{"message":"::1 - - [20/May/2020:11:09:47 +0000] \"GET /profesores HTTP/1.1\" 304 - \"http://localhost:4200/panel-usuario/videoconferencia\" \"Mozilla/5.0 (Windows NT 10.0; Win64; x64) AppleWebKit/537.36 (KHTML, like Gecko) Chrome/81.0.4044.138 Safari/537.36\"\n","level":"info"}
{"message":"::1 - - [20/May/2020:11:09:47 +0000] \"GET /imagenes/usuarios/1-268.webp HTTP/1.1\" 304 - \"http://localhost:4200/panel-usuario/videoconferencia\" \"Mozilla/5.0 (Windows NT 10.0; Win64; x64) AppleWebKit/537.36 (KHTML, like Gecko) Chrome/81.0.4044.138 Safari/537.36\"\n","level":"info"}
{"message":"::1 - - [20/May/2020:11:10:33 +0000] \"GET /usuarios/1 HTTP/1.1\" 304 - \"http://localhost:4200/panel-usuario/videoconferencia\" \"Mozilla/5.0 (Windows NT 10.0; Win64; x64) AppleWebKit/537.36 (KHTML, like Gecko) Chrome/81.0.4044.138 Safari/537.36\"\n","level":"info"}
{"message":"::1 - - [20/May/2020:11:10:33 +0000] \"GET /profesores HTTP/1.1\" 304 - \"http://localhost:4200/panel-usuario/videoconferencia\" \"Mozilla/5.0 (Windows NT 10.0; Win64; x64) AppleWebKit/537.36 (KHTML, like Gecko) Chrome/81.0.4044.138 Safari/537.36\"\n","level":"info"}
{"message":"::1 - - [20/May/2020:11:10:33 +0000] \"GET /usuarios/1 HTTP/1.1\" 304 - \"http://localhost:4200/panel-usuario/videoconferencia\" \"Mozilla/5.0 (Windows NT 10.0; Win64; x64) AppleWebKit/537.36 (KHTML, like Gecko) Chrome/81.0.4044.138 Safari/537.36\"\n","level":"info"}
{"message":"::1 - - [20/May/2020:11:10:34 +0000] \"GET /profesores HTTP/1.1\" 304 - \"http://localhost:4200/panel-usuario/videoconferencia\" \"Mozilla/5.0 (Windows NT 10.0; Win64; x64) AppleWebKit/537.36 (KHTML, like Gecko) Chrome/81.0.4044.138 Safari/537.36\"\n","level":"info"}
{"message":"::1 - - [20/May/2020:11:10:34 +0000] \"GET /imagenes/usuarios/1-268.webp HTTP/1.1\" 304 - \"http://localhost:4200/panel-usuario/videoconferencia\" \"Mozilla/5.0 (Windows NT 10.0; Win64; x64) AppleWebKit/537.36 (KHTML, like Gecko) Chrome/81.0.4044.138 Safari/537.36\"\n","level":"info"}
{"message":"::1 - - [20/May/2020:11:10:42 +0000] \"GET /usuarios/1 HTTP/1.1\" 304 - \"http://localhost:4200/panel-usuario/videoconferencia\" \"Mozilla/5.0 (Windows NT 10.0; Win64; x64) AppleWebKit/537.36 (KHTML, like Gecko) Chrome/81.0.4044.138 Safari/537.36\"\n","level":"info"}
{"message":"::1 - - [20/May/2020:11:10:42 +0000] \"GET /profesores HTTP/1.1\" 304 - \"http://localhost:4200/panel-usuario/videoconferencia\" \"Mozilla/5.0 (Windows NT 10.0; Win64; x64) AppleWebKit/537.36 (KHTML, like Gecko) Chrome/81.0.4044.138 Safari/537.36\"\n","level":"info"}
{"message":"::1 - - [20/May/2020:11:10:42 +0000] \"GET /usuarios/1 HTTP/1.1\" 304 - \"http://localhost:4200/panel-usuario/videoconferencia\" \"Mozilla/5.0 (Windows NT 10.0; Win64; x64) AppleWebKit/537.36 (KHTML, like Gecko) Chrome/81.0.4044.138 Safari/537.36\"\n","level":"info"}
{"message":"::1 - - [20/May/2020:11:10:42 +0000] \"GET /imagenes/usuarios/1-268.webp HTTP/1.1\" 304 - \"http://localhost:4200/panel-usuario/videoconferencia\" \"Mozilla/5.0 (Windows NT 10.0; Win64; x64) AppleWebKit/537.36 (KHTML, like Gecko) Chrome/81.0.4044.138 Safari/537.36\"\n","level":"info"}
{"message":"::1 - - [20/May/2020:11:10:42 +0000] \"GET /profesores HTTP/1.1\" 304 - \"http://localhost:4200/panel-usuario/videoconferencia\" \"Mozilla/5.0 (Windows NT 10.0; Win64; x64) AppleWebKit/537.36 (KHTML, like Gecko) Chrome/81.0.4044.138 Safari/537.36\"\n","level":"info"}
{"message":"::1 - - [20/May/2020:11:11:24 +0000] \"GET /usuarios/1 HTTP/1.1\" 304 - \"http://localhost:4200/panel-usuario/videoconferencia\" \"Mozilla/5.0 (Windows NT 10.0; Win64; x64) AppleWebKit/537.36 (KHTML, like Gecko) Chrome/81.0.4044.138 Safari/537.36\"\n","level":"info"}
{"message":"::1 - - [20/May/2020:11:11:24 +0000] \"GET /profesores HTTP/1.1\" 304 - \"http://localhost:4200/panel-usuario/videoconferencia\" \"Mozilla/5.0 (Windows NT 10.0; Win64; x64) AppleWebKit/537.36 (KHTML, like Gecko) Chrome/81.0.4044.138 Safari/537.36\"\n","level":"info"}
{"message":"::1 - - [20/May/2020:11:11:24 +0000] \"GET /usuarios/1 HTTP/1.1\" 304 - \"http://localhost:4200/panel-usuario/videoconferencia\" \"Mozilla/5.0 (Windows NT 10.0; Win64; x64) AppleWebKit/537.36 (KHTML, like Gecko) Chrome/81.0.4044.138 Safari/537.36\"\n","level":"info"}
{"message":"::1 - - [20/May/2020:11:11:24 +0000] \"GET /profesores HTTP/1.1\" 304 - \"http://localhost:4200/panel-usuario/videoconferencia\" \"Mozilla/5.0 (Windows NT 10.0; Win64; x64) AppleWebKit/537.36 (KHTML, like Gecko) Chrome/81.0.4044.138 Safari/537.36\"\n","level":"info"}
{"message":"::1 - - [20/May/2020:11:11:24 +0000] \"GET /imagenes/usuarios/1-268.webp HTTP/1.1\" 304 - \"http://localhost:4200/panel-usuario/videoconferencia\" \"Mozilla/5.0 (Windows NT 10.0; Win64; x64) AppleWebKit/537.36 (KHTML, like Gecko) Chrome/81.0.4044.138 Safari/537.36\"\n","level":"info"}
{"message":"::1 - - [20/May/2020:11:11:31 +0000] \"GET /usuarios/1 HTTP/1.1\" 304 - \"http://localhost:4200/panel-usuario/videoconferencia\" \"Mozilla/5.0 (Windows NT 10.0; Win64; x64) AppleWebKit/537.36 (KHTML, like Gecko) Chrome/81.0.4044.138 Safari/537.36\"\n","level":"info"}
{"message":"::1 - - [20/May/2020:11:11:31 +0000] \"GET /profesores HTTP/1.1\" 304 - \"http://localhost:4200/panel-usuario/videoconferencia\" \"Mozilla/5.0 (Windows NT 10.0; Win64; x64) AppleWebKit/537.36 (KHTML, like Gecko) Chrome/81.0.4044.138 Safari/537.36\"\n","level":"info"}
{"message":"::1 - - [20/May/2020:11:11:31 +0000] \"GET /usuarios/1 HTTP/1.1\" 304 - \"http://localhost:4200/panel-usuario/videoconferencia\" \"Mozilla/5.0 (Windows NT 10.0; Win64; x64) AppleWebKit/537.36 (KHTML, like Gecko) Chrome/81.0.4044.138 Safari/537.36\"\n","level":"info"}
{"message":"::1 - - [20/May/2020:11:11:31 +0000] \"GET /imagenes/usuarios/1-268.webp HTTP/1.1\" 304 - \"http://localhost:4200/panel-usuario/videoconferencia\" \"Mozilla/5.0 (Windows NT 10.0; Win64; x64) AppleWebKit/537.36 (KHTML, like Gecko) Chrome/81.0.4044.138 Safari/537.36\"\n","level":"info"}
{"message":"::1 - - [20/May/2020:11:11:31 +0000] \"GET /profesores HTTP/1.1\" 304 - \"http://localhost:4200/panel-usuario/videoconferencia\" \"Mozilla/5.0 (Windows NT 10.0; Win64; x64) AppleWebKit/537.36 (KHTML, like Gecko) Chrome/81.0.4044.138 Safari/537.36\"\n","level":"info"}
{"message":"::1 - - [20/May/2020:11:13:42 +0000] \"GET /usuarios/1 HTTP/1.1\" 304 - \"http://localhost:4200/panel-usuario/videoconferencia\" \"Mozilla/5.0 (Windows NT 10.0; Win64; x64) AppleWebKit/537.36 (KHTML, like Gecko) Chrome/81.0.4044.138 Safari/537.36\"\n","level":"info"}
{"message":"::1 - - [20/May/2020:11:13:42 +0000] \"GET /profesores HTTP/1.1\" 304 - \"http://localhost:4200/panel-usuario/videoconferencia\" \"Mozilla/5.0 (Windows NT 10.0; Win64; x64) AppleWebKit/537.36 (KHTML, like Gecko) Chrome/81.0.4044.138 Safari/537.36\"\n","level":"info"}
{"message":"::1 - - [20/May/2020:11:13:42 +0000] \"GET /usuarios/1 HTTP/1.1\" 304 - \"http://localhost:4200/panel-usuario/videoconferencia\" \"Mozilla/5.0 (Windows NT 10.0; Win64; x64) AppleWebKit/537.36 (KHTML, like Gecko) Chrome/81.0.4044.138 Safari/537.36\"\n","level":"info"}
{"message":"::1 - - [20/May/2020:11:13:42 +0000] \"GET /profesores HTTP/1.1\" 304 - \"http://localhost:4200/panel-usuario/videoconferencia\" \"Mozilla/5.0 (Windows NT 10.0; Win64; x64) AppleWebKit/537.36 (KHTML, like Gecko) Chrome/81.0.4044.138 Safari/537.36\"\n","level":"info"}
{"message":"::1 - - [20/May/2020:11:13:42 +0000] \"GET /imagenes/usuarios/1-268.webp HTTP/1.1\" 304 - \"http://localhost:4200/panel-usuario/videoconferencia\" \"Mozilla/5.0 (Windows NT 10.0; Win64; x64) AppleWebKit/537.36 (KHTML, like Gecko) Chrome/81.0.4044.138 Safari/537.36\"\n","level":"info"}
{"message":"::1 - - [20/May/2020:11:14:39 +0000] \"GET /usuarios/1 HTTP/1.1\" 304 - \"http://localhost:4200/panel-usuario/videoconferencia\" \"Mozilla/5.0 (Windows NT 10.0; Win64; x64) AppleWebKit/537.36 (KHTML, like Gecko) Chrome/81.0.4044.138 Safari/537.36\"\n","level":"info"}
{"message":"::1 - - [20/May/2020:11:14:39 +0000] \"GET /profesores HTTP/1.1\" 304 - \"http://localhost:4200/panel-usuario/videoconferencia\" \"Mozilla/5.0 (Windows NT 10.0; Win64; x64) AppleWebKit/537.36 (KHTML, like Gecko) Chrome/81.0.4044.138 Safari/537.36\"\n","level":"info"}
{"message":"::1 - - [20/May/2020:11:14:39 +0000] \"GET /usuarios/1 HTTP/1.1\" 304 - \"http://localhost:4200/panel-usuario/videoconferencia\" \"Mozilla/5.0 (Windows NT 10.0; Win64; x64) AppleWebKit/537.36 (KHTML, like Gecko) Chrome/81.0.4044.138 Safari/537.36\"\n","level":"info"}
{"message":"::1 - - [20/May/2020:11:14:39 +0000] \"GET /imagenes/usuarios/1-268.webp HTTP/1.1\" 304 - \"http://localhost:4200/panel-usuario/videoconferencia\" \"Mozilla/5.0 (Windows NT 10.0; Win64; x64) AppleWebKit/537.36 (KHTML, like Gecko) Chrome/81.0.4044.138 Safari/537.36\"\n","level":"info"}
{"message":"::1 - - [20/May/2020:11:14:39 +0000] \"GET /profesores HTTP/1.1\" 304 - \"http://localhost:4200/panel-usuario/videoconferencia\" \"Mozilla/5.0 (Windows NT 10.0; Win64; x64) AppleWebKit/537.36 (KHTML, like Gecko) Chrome/81.0.4044.138 Safari/537.36\"\n","level":"info"}
{"message":"::1 - - [20/May/2020:14:13:45 +0000] \"GET /usuarios/1 HTTP/1.1\" 304 - \"http://localhost:4200/\" \"Mozilla/5.0 (Windows NT 10.0; Win64; x64) AppleWebKit/537.36 (KHTML, like Gecko) Chrome/81.0.4044.138 Safari/537.36\"\n","level":"info"}
{"message":"::1 - - [20/May/2020:14:13:45 +0000] \"GET /profesores HTTP/1.1\" 304 - \"http://localhost:4200/\" \"Mozilla/5.0 (Windows NT 10.0; Win64; x64) AppleWebKit/537.36 (KHTML, like Gecko) Chrome/81.0.4044.138 Safari/537.36\"\n","level":"info"}
{"message":"::1 - - [20/May/2020:14:13:45 +0000] \"GET /impartes HTTP/1.1\" 304 - \"http://localhost:4200/home\" \"Mozilla/5.0 (Windows NT 10.0; Win64; x64) AppleWebKit/537.36 (KHTML, like Gecko) Chrome/81.0.4044.138 Safari/537.36\"\n","level":"info"}
{"message":"::1 - - [20/May/2020:14:13:45 +0000] \"GET /profesores/mejoresValorados HTTP/1.1\" 304 - \"http://localhost:4200/home\" \"Mozilla/5.0 (Windows NT 10.0; Win64; x64) AppleWebKit/537.36 (KHTML, like Gecko) Chrome/81.0.4044.138 Safari/537.36\"\n","level":"info"}
{"message":"::1 - - [20/May/2020:14:13:45 +0000] \"GET /notificaciones/NotisUsuario/1 HTTP/1.1\" 304 - \"http://localhost:4200/home\" \"Mozilla/5.0 (Windows NT 10.0; Win64; x64) AppleWebKit/537.36 (KHTML, like Gecko) Chrome/81.0.4044.138 Safari/537.36\"\n","level":"info"}
{"message":"::1 - - [20/May/2020:14:13:45 +0000] \"GET /imagenes/usuarios/1-268.webp HTTP/1.1\" 304 - \"http://localhost:4200/home\" \"Mozilla/5.0 (Windows NT 10.0; Win64; x64) AppleWebKit/537.36 (KHTML, like Gecko) Chrome/81.0.4044.138 Safari/537.36\"\n","level":"info"}
{"message":"::1 - - [20/May/2020:14:13:45 +0000] \"GET /usuarios/1 HTTP/1.1\" 304 - \"http://localhost:4200/home\" \"Mozilla/5.0 (Windows NT 10.0; Win64; x64) AppleWebKit/537.36 (KHTML, like Gecko) Chrome/81.0.4044.138 Safari/537.36\"\n","level":"info"}
{"message":"::1 - - [20/May/2020:14:13:45 +0000] \"GET /profesores HTTP/1.1\" 304 - \"http://localhost:4200/home\" \"Mozilla/5.0 (Windows NT 10.0; Win64; x64) AppleWebKit/537.36 (KHTML, like Gecko) Chrome/81.0.4044.138 Safari/537.36\"\n","level":"info"}
{"message":"::1 - - [20/May/2020:14:13:45 +0000] \"GET /usuarios/1003 HTTP/1.1\" 304 - \"http://localhost:4200/home\" \"Mozilla/5.0 (Windows NT 10.0; Win64; x64) AppleWebKit/537.36 (KHTML, like Gecko) Chrome/81.0.4044.138 Safari/537.36\"\n","level":"info"}
{"message":"::1 - - [20/May/2020:14:13:45 +0000] \"GET /usuarios/3 HTTP/1.1\" 304 - \"http://localhost:4200/home\" \"Mozilla/5.0 (Windows NT 10.0; Win64; x64) AppleWebKit/537.36 (KHTML, like Gecko) Chrome/81.0.4044.138 Safari/537.36\"\n","level":"info"}
{"message":"::1 - - [20/May/2020:14:13:45 +0000] \"GET /usuarios/1030 HTTP/1.1\" 304 - \"http://localhost:4200/home\" \"Mozilla/5.0 (Windows NT 10.0; Win64; x64) AppleWebKit/537.36 (KHTML, like Gecko) Chrome/81.0.4044.138 Safari/537.36\"\n","level":"info"}
{"message":"::1 - - [20/May/2020:14:13:45 +0000] \"GET /usuarios/5 HTTP/1.1\" 304 - \"http://localhost:4200/home\" \"Mozilla/5.0 (Windows NT 10.0; Win64; x64) AppleWebKit/537.36 (KHTML, like Gecko) Chrome/81.0.4044.138 Safari/537.36\"\n","level":"info"}
{"message":"::1 - - [20/May/2020:14:13:45 +0000] \"GET /imagenes/usuarios/1003-786.webp HTTP/1.1\" 304 - \"http://localhost:4200/home\" \"Mozilla/5.0 (Windows NT 10.0; Win64; x64) AppleWebKit/537.36 (KHTML, like Gecko) Chrome/81.0.4044.138 Safari/537.36\"\n","level":"info"}
{"message":"::1 - - [20/May/2020:14:13:45 +0000] \"GET /usuarios/6 HTTP/1.1\" 304 - \"http://localhost:4200/home\" \"Mozilla/5.0 (Windows NT 10.0; Win64; x64) AppleWebKit/537.36 (KHTML, like Gecko) Chrome/81.0.4044.138 Safari/537.36\"\n","level":"info"}
{"message":"::1 - - [20/May/2020:14:13:45 +0000] \"GET /usuarios/7 HTTP/1.1\" 304 - \"http://localhost:4200/home\" \"Mozilla/5.0 (Windows NT 10.0; Win64; x64) AppleWebKit/537.36 (KHTML, like Gecko) Chrome/81.0.4044.138 Safari/537.36\"\n","level":"info"}
{"message":"::1 - - [20/May/2020:14:13:45 +0000] \"GET /usuarios/8 HTTP/1.1\" 304 - \"http://localhost:4200/home\" \"Mozilla/5.0 (Windows NT 10.0; Win64; x64) AppleWebKit/537.36 (KHTML, like Gecko) Chrome/81.0.4044.138 Safari/537.36\"\n","level":"info"}
{"message":"::1 - - [20/May/2020:14:13:45 +0000] \"GET /usuarios/1 HTTP/1.1\" 304 - \"http://localhost:4200/home\" \"Mozilla/5.0 (Windows NT 10.0; Win64; x64) AppleWebKit/537.36 (KHTML, like Gecko) Chrome/81.0.4044.138 Safari/537.36\"\n","level":"info"}
{"message":"::1 - - [20/May/2020:14:13:45 +0000] \"GET /imagenes/usuarios/1030-615.webp HTTP/1.1\" 304 - \"http://localhost:4200/home\" \"Mozilla/5.0 (Windows NT 10.0; Win64; x64) AppleWebKit/537.36 (KHTML, like Gecko) Chrome/81.0.4044.138 Safari/537.36\"\n","level":"info"}
{"message":"::1 - - [20/May/2020:14:13:49 +0000] \"GET /usuarios/1 HTTP/1.1\" 304 - \"http://localhost:4200/\" \"Mozilla/5.0 (Windows NT 10.0; Win64; x64) AppleWebKit/537.36 (KHTML, like Gecko) Chrome/81.0.4044.138 Safari/537.36\"\n","level":"info"}
{"message":"::1 - - [20/May/2020:14:13:49 +0000] \"GET /profesores HTTP/1.1\" 304 - \"http://localhost:4200/\" \"Mozilla/5.0 (Windows NT 10.0; Win64; x64) AppleWebKit/537.36 (KHTML, like Gecko) Chrome/81.0.4044.138 Safari/537.36\"\n","level":"info"}
{"message":"::1 - - [20/May/2020:14:13:49 +0000] \"GET /impartes HTTP/1.1\" 304 - \"http://localhost:4200/home\" \"Mozilla/5.0 (Windows NT 10.0; Win64; x64) AppleWebKit/537.36 (KHTML, like Gecko) Chrome/81.0.4044.138 Safari/537.36\"\n","level":"info"}
{"message":"::1 - - [20/May/2020:14:13:49 +0000] \"GET /profesores/mejoresValorados HTTP/1.1\" 304 - \"http://localhost:4200/home\" \"Mozilla/5.0 (Windows NT 10.0; Win64; x64) AppleWebKit/537.36 (KHTML, like Gecko) Chrome/81.0.4044.138 Safari/537.36\"\n","level":"info"}
{"message":"::1 - - [20/May/2020:14:13:49 +0000] \"GET /usuarios/1 HTTP/1.1\" 304 - \"http://localhost:4200/home\" \"Mozilla/5.0 (Windows NT 10.0; Win64; x64) AppleWebKit/537.36 (KHTML, like Gecko) Chrome/81.0.4044.138 Safari/537.36\"\n","level":"info"}
{"message":"::1 - - [20/May/2020:14:13:49 +0000] \"GET /profesores HTTP/1.1\" 304 - \"http://localhost:4200/home\" \"Mozilla/5.0 (Windows NT 10.0; Win64; x64) AppleWebKit/537.36 (KHTML, like Gecko) Chrome/81.0.4044.138 Safari/537.36\"\n","level":"info"}
{"message":"::1 - - [20/May/2020:14:13:49 +0000] \"GET /notificaciones/NotisUsuario/1 HTTP/1.1\" 304 - \"http://localhost:4200/home\" \"Mozilla/5.0 (Windows NT 10.0; Win64; x64) AppleWebKit/537.36 (KHTML, like Gecko) Chrome/81.0.4044.138 Safari/537.36\"\n","level":"info"}
{"message":"::1 - - [20/May/2020:14:13:49 +0000] \"GET /imagenes/usuarios/1-268.webp HTTP/1.1\" 304 - \"http://localhost:4200/home\" \"Mozilla/5.0 (Windows NT 10.0; Win64; x64) AppleWebKit/537.36 (KHTML, like Gecko) Chrome/81.0.4044.138 Safari/537.36\"\n","level":"info"}
{"message":"::1 - - [20/May/2020:14:13:49 +0000] \"GET /usuarios/1 HTTP/1.1\" 304 - \"http://localhost:4200/home\" \"Mozilla/5.0 (Windows NT 10.0; Win64; x64) AppleWebKit/537.36 (KHTML, like Gecko) Chrome/81.0.4044.138 Safari/537.36\"\n","level":"info"}
{"message":"::1 - - [20/May/2020:14:13:49 +0000] \"GET /usuarios/1003 HTTP/1.1\" 304 - \"http://localhost:4200/home\" \"Mozilla/5.0 (Windows NT 10.0; Win64; x64) AppleWebKit/537.36 (KHTML, like Gecko) Chrome/81.0.4044.138 Safari/537.36\"\n","level":"info"}
{"message":"::1 - - [20/May/2020:14:13:49 +0000] \"GET /usuarios/3 HTTP/1.1\" 304 - \"http://localhost:4200/home\" \"Mozilla/5.0 (Windows NT 10.0; Win64; x64) AppleWebKit/537.36 (KHTML, like Gecko) Chrome/81.0.4044.138 Safari/537.36\"\n","level":"info"}
{"message":"::1 - - [20/May/2020:14:13:49 +0000] \"GET /usuarios/1030 HTTP/1.1\" 304 - \"http://localhost:4200/home\" \"Mozilla/5.0 (Windows NT 10.0; Win64; x64) AppleWebKit/537.36 (KHTML, like Gecko) Chrome/81.0.4044.138 Safari/537.36\"\n","level":"info"}
{"message":"::1 - - [20/May/2020:14:13:49 +0000] \"GET /usuarios/5 HTTP/1.1\" 304 - \"http://localhost:4200/home\" \"Mozilla/5.0 (Windows NT 10.0; Win64; x64) AppleWebKit/537.36 (KHTML, like Gecko) Chrome/81.0.4044.138 Safari/537.36\"\n","level":"info"}
{"message":"::1 - - [20/May/2020:14:13:49 +0000] \"GET /usuarios/6 HTTP/1.1\" 304 - \"http://localhost:4200/home\" \"Mozilla/5.0 (Windows NT 10.0; Win64; x64) AppleWebKit/537.36 (KHTML, like Gecko) Chrome/81.0.4044.138 Safari/537.36\"\n","level":"info"}
{"message":"::1 - - [20/May/2020:14:13:49 +0000] \"GET /usuarios/7 HTTP/1.1\" 304 - \"http://localhost:4200/home\" \"Mozilla/5.0 (Windows NT 10.0; Win64; x64) AppleWebKit/537.36 (KHTML, like Gecko) Chrome/81.0.4044.138 Safari/537.36\"\n","level":"info"}
{"message":"::1 - - [20/May/2020:14:13:49 +0000] \"GET /usuarios/8 HTTP/1.1\" 304 - \"http://localhost:4200/home\" \"Mozilla/5.0 (Windows NT 10.0; Win64; x64) AppleWebKit/537.36 (KHTML, like Gecko) Chrome/81.0.4044.138 Safari/537.36\"\n","level":"info"}
{"message":"::1 - - [20/May/2020:14:13:49 +0000] \"GET /imagenes/usuarios/1003-786.webp HTTP/1.1\" 304 - \"http://localhost:4200/home\" \"Mozilla/5.0 (Windows NT 10.0; Win64; x64) AppleWebKit/537.36 (KHTML, like Gecko) Chrome/81.0.4044.138 Safari/537.36\"\n","level":"info"}
{"message":"::1 - - [20/May/2020:14:13:49 +0000] \"GET /imagenes/usuarios/1030-615.webp HTTP/1.1\" 304 - \"http://localhost:4200/home\" \"Mozilla/5.0 (Windows NT 10.0; Win64; x64) AppleWebKit/537.36 (KHTML, like Gecko) Chrome/81.0.4044.138 Safari/537.36\"\n","level":"info"}
{"message":"::1 - - [20/May/2020:14:13:58 +0000] \"GET /usuarios/1 HTTP/1.1\" 304 - \"http://localhost:4200/panel-usuario/videoconferencia/\" \"Mozilla/5.0 (Windows NT 10.0; Win64; x64) AppleWebKit/537.36 (KHTML, like Gecko) Chrome/81.0.4044.138 Safari/537.36\"\n","level":"info"}
{"message":"::1 - - [20/May/2020:14:13:58 +0000] \"GET /profesores HTTP/1.1\" 304 - \"http://localhost:4200/panel-usuario/videoconferencia/\" \"Mozilla/5.0 (Windows NT 10.0; Win64; x64) AppleWebKit/537.36 (KHTML, like Gecko) Chrome/81.0.4044.138 Safari/537.36\"\n","level":"info"}
{"message":"::1 - - [20/May/2020:14:13:58 +0000] \"GET /imagenes/usuarios/1-268.webp HTTP/1.1\" 304 - \"http://localhost:4200/panel-usuario/videoconferencia\" \"Mozilla/5.0 (Windows NT 10.0; Win64; x64) AppleWebKit/537.36 (KHTML, like Gecko) Chrome/81.0.4044.138 Safari/537.36\"\n","level":"info"}
{"message":"::1 - - [20/May/2020:14:13:58 +0000] \"GET /usuarios/1 HTTP/1.1\" 304 - \"http://localhost:4200/panel-usuario/videoconferencia\" \"Mozilla/5.0 (Windows NT 10.0; Win64; x64) AppleWebKit/537.36 (KHTML, like Gecko) Chrome/81.0.4044.138 Safari/537.36\"\n","level":"info"}
{"message":"::1 - - [20/May/2020:14:13:58 +0000] \"GET /profesores HTTP/1.1\" 304 - \"http://localhost:4200/panel-usuario/videoconferencia\" \"Mozilla/5.0 (Windows NT 10.0; Win64; x64) AppleWebKit/537.36 (KHTML, like Gecko) Chrome/81.0.4044.138 Safari/537.36\"\n","level":"info"}
{"message":"::1 - - [20/May/2020:14:14:17 +0000] \"GET /usuarios/1 HTTP/1.1\" 304 - \"http://localhost:4200/panel-usuario/videoconferencia\" \"Mozilla/5.0 (Windows NT 10.0; Win64; x64) AppleWebKit/537.36 (KHTML, like Gecko) Chrome/81.0.4044.138 Safari/537.36\"\n","level":"info"}
{"message":"::1 - - [20/May/2020:14:14:17 +0000] \"GET /profesores HTTP/1.1\" 304 - \"http://localhost:4200/panel-usuario/videoconferencia\" \"Mozilla/5.0 (Windows NT 10.0; Win64; x64) AppleWebKit/537.36 (KHTML, like Gecko) Chrome/81.0.4044.138 Safari/537.36\"\n","level":"info"}
{"message":"::1 - - [20/May/2020:14:14:17 +0000] \"GET /usuarios/1 HTTP/1.1\" 304 - \"http://localhost:4200/panel-usuario/videoconferencia\" \"Mozilla/5.0 (Windows NT 10.0; Win64; x64) AppleWebKit/537.36 (KHTML, like Gecko) Chrome/81.0.4044.138 Safari/537.36\"\n","level":"info"}
{"message":"::1 - - [20/May/2020:14:14:17 +0000] \"GET /imagenes/usuarios/1-268.webp HTTP/1.1\" 304 - \"http://localhost:4200/panel-usuario/videoconferencia\" \"Mozilla/5.0 (Windows NT 10.0; Win64; x64) AppleWebKit/537.36 (KHTML, like Gecko) Chrome/81.0.4044.138 Safari/537.36\"\n","level":"info"}
{"message":"::1 - - [20/May/2020:14:14:17 +0000] \"GET /profesores HTTP/1.1\" 304 - \"http://localhost:4200/panel-usuario/videoconferencia\" \"Mozilla/5.0 (Windows NT 10.0; Win64; x64) AppleWebKit/537.36 (KHTML, like Gecko) Chrome/81.0.4044.138 Safari/537.36\"\n","level":"info"}
{"message":"::1 - - [20/May/2020:14:21:23 +0000] \"GET /impartes HTTP/1.1\" 304 - \"http://localhost:4200/home\" \"Mozilla/5.0 (Windows NT 10.0; Win64; x64) AppleWebKit/537.36 (KHTML, like Gecko) Chrome/81.0.4044.138 Safari/537.36\"\n","level":"info"}
{"message":"::1 - - [20/May/2020:14:21:23 +0000] \"GET /profesores/mejoresValorados HTTP/1.1\" 304 - \"http://localhost:4200/home\" \"Mozilla/5.0 (Windows NT 10.0; Win64; x64) AppleWebKit/537.36 (KHTML, like Gecko) Chrome/81.0.4044.138 Safari/537.36\"\n","level":"info"}
{"message":"::1 - - [20/May/2020:14:21:23 +0000] \"GET /usuarios/1 HTTP/1.1\" 304 - \"http://localhost:4200/home\" \"Mozilla/5.0 (Windows NT 10.0; Win64; x64) AppleWebKit/537.36 (KHTML, like Gecko) Chrome/81.0.4044.138 Safari/537.36\"\n","level":"info"}
{"message":"::1 - - [20/May/2020:14:21:23 +0000] \"GET /profesores HTTP/1.1\" 304 - \"http://localhost:4200/home\" \"Mozilla/5.0 (Windows NT 10.0; Win64; x64) AppleWebKit/537.36 (KHTML, like Gecko) Chrome/81.0.4044.138 Safari/537.36\"\n","level":"info"}
{"message":"::1 - - [20/May/2020:14:21:23 +0000] \"GET /notificaciones/NotisUsuario/1 HTTP/1.1\" 304 - \"http://localhost:4200/home\" \"Mozilla/5.0 (Windows NT 10.0; Win64; x64) AppleWebKit/537.36 (KHTML, like Gecko) Chrome/81.0.4044.138 Safari/537.36\"\n","level":"info"}
{"message":"::1 - - [20/May/2020:14:21:23 +0000] \"GET /usuarios/1003 HTTP/1.1\" 304 - \"http://localhost:4200/home\" \"Mozilla/5.0 (Windows NT 10.0; Win64; x64) AppleWebKit/537.36 (KHTML, like Gecko) Chrome/81.0.4044.138 Safari/537.36\"\n","level":"info"}
{"message":"::1 - - [20/May/2020:14:21:23 +0000] \"GET /usuarios/3 HTTP/1.1\" 304 - \"http://localhost:4200/home\" \"Mozilla/5.0 (Windows NT 10.0; Win64; x64) AppleWebKit/537.36 (KHTML, like Gecko) Chrome/81.0.4044.138 Safari/537.36\"\n","level":"info"}
{"message":"::1 - - [20/May/2020:14:21:23 +0000] \"GET /usuarios/1030 HTTP/1.1\" 304 - \"http://localhost:4200/home\" \"Mozilla/5.0 (Windows NT 10.0; Win64; x64) AppleWebKit/537.36 (KHTML, like Gecko) Chrome/81.0.4044.138 Safari/537.36\"\n","level":"info"}
{"message":"::1 - - [20/May/2020:14:21:23 +0000] \"GET /usuarios/5 HTTP/1.1\" 304 - \"http://localhost:4200/home\" \"Mozilla/5.0 (Windows NT 10.0; Win64; x64) AppleWebKit/537.36 (KHTML, like Gecko) Chrome/81.0.4044.138 Safari/537.36\"\n","level":"info"}
{"message":"::1 - - [20/May/2020:14:21:23 +0000] \"GET /usuarios/6 HTTP/1.1\" 304 - \"http://localhost:4200/home\" \"Mozilla/5.0 (Windows NT 10.0; Win64; x64) AppleWebKit/537.36 (KHTML, like Gecko) Chrome/81.0.4044.138 Safari/537.36\"\n","level":"info"}
{"message":"::1 - - [20/May/2020:14:21:23 +0000] \"GET /usuarios/7 HTTP/1.1\" 304 - \"http://localhost:4200/home\" \"Mozilla/5.0 (Windows NT 10.0; Win64; x64) AppleWebKit/537.36 (KHTML, like Gecko) Chrome/81.0.4044.138 Safari/537.36\"\n","level":"info"}
{"message":"::1 - - [20/May/2020:14:21:23 +0000] \"GET /usuarios/8 HTTP/1.1\" 304 - \"http://localhost:4200/home\" \"Mozilla/5.0 (Windows NT 10.0; Win64; x64) AppleWebKit/537.36 (KHTML, like Gecko) Chrome/81.0.4044.138 Safari/537.36\"\n","level":"info"}
{"message":"::1 - - [20/May/2020:14:21:23 +0000] \"GET /imagenes/usuarios/1003-786.webp HTTP/1.1\" 304 - \"http://localhost:4200/home\" \"Mozilla/5.0 (Windows NT 10.0; Win64; x64) AppleWebKit/537.36 (KHTML, like Gecko) Chrome/81.0.4044.138 Safari/537.36\"\n","level":"info"}
{"message":"::1 - - [20/May/2020:14:21:23 +0000] \"GET /usuarios/1 HTTP/1.1\" 304 - \"http://localhost:4200/home\" \"Mozilla/5.0 (Windows NT 10.0; Win64; x64) AppleWebKit/537.36 (KHTML, like Gecko) Chrome/81.0.4044.138 Safari/537.36\"\n","level":"info"}
{"message":"::1 - - [20/May/2020:14:21:23 +0000] \"GET /imagenes/usuarios/1030-615.webp HTTP/1.1\" 304 - \"http://localhost:4200/home\" \"Mozilla/5.0 (Windows NT 10.0; Win64; x64) AppleWebKit/537.36 (KHTML, like Gecko) Chrome/81.0.4044.138 Safari/537.36\"\n","level":"info"}
{"message":"::1 - - [20/May/2020:14:21:26 +0000] \"OPTIONS /logs/nuevo HTTP/1.1\" 200 4 \"http://localhost:4200/home\" \"Mozilla/5.0 (Windows NT 10.0; Win64; x64) AppleWebKit/537.36 (KHTML, like Gecko) Chrome/81.0.4044.138 Safari/537.36\"\n","level":"info"}
{"message":"::1 - - [20/May/2020:14:21:26 +0000] \"GET /impartes HTTP/1.1\" 304 - \"http://localhost:4200/buscador\" \"Mozilla/5.0 (Windows NT 10.0; Win64; x64) AppleWebKit/537.36 (KHTML, like Gecko) Chrome/81.0.4044.138 Safari/537.36\"\n","level":"info"}
{"message":"::1 - - [20/May/2020:14:21:26 +0000] \"GET /impartes/buscadorAsignatura/rau HTTP/1.1\" 200 2 \"http://localhost:4200/buscador\" \"Mozilla/5.0 (Windows NT 10.0; Win64; x64) AppleWebKit/537.36 (KHTML, like Gecko) Chrome/81.0.4044.138 Safari/537.36\"\n","level":"info"}
{"message":"::1 - - [20/May/2020:14:21:26 +0000] \"GET /notificaciones/NotisUsuario/1 HTTP/1.1\" 304 - \"http://localhost:4200/buscador\" \"Mozilla/5.0 (Windows NT 10.0; Win64; x64) AppleWebKit/537.36 (KHTML, like Gecko) Chrome/81.0.4044.138 Safari/537.36\"\n","level":"info"}
{"message":"::1 - - [20/May/2020:14:21:26 +0000] \"POST /logs/nuevo HTTP/1.1\" 200 10 \"http://localhost:4200/home\" \"Mozilla/5.0 (Windows NT 10.0; Win64; x64) AppleWebKit/537.36 (KHTML, like Gecko) Chrome/81.0.4044.138 Safari/537.36\"\n","level":"info"}
{"message":"::1 - - [20/May/2020:14:21:26 +0000] \"GET /profesores/buscador/rau HTTP/1.1\" 200 569 \"http://localhost:4200/buscador\" \"Mozilla/5.0 (Windows NT 10.0; Win64; x64) AppleWebKit/537.36 (KHTML, like Gecko) Chrome/81.0.4044.138 Safari/537.36\"\n","level":"info"}
{"message":"::1 - - [20/May/2020:14:21:29 +0000] \"GET /usuarios/1 HTTP/1.1\" 304 - \"http://localhost:4200/profile-profesor/1003\" \"Mozilla/5.0 (Windows NT 10.0; Win64; x64) AppleWebKit/537.36 (KHTML, like Gecko) Chrome/81.0.4044.138 Safari/537.36\"\n","level":"info"}
{"message":"::1 - - [20/May/2020:14:21:29 +0000] \"GET /profesores HTTP/1.1\" 304 - \"http://localhost:4200/profile-profesor/1003\" \"Mozilla/5.0 (Windows NT 10.0; Win64; x64) AppleWebKit/537.36 (KHTML, like Gecko) Chrome/81.0.4044.138 Safari/537.36\"\n","level":"info"}
{"message":"::1 - - [20/May/2020:14:21:29 +0000] \"GET /usuarios/1 HTTP/1.1\" 304 - \"http://localhost:4200/profile-profesor/1003\" \"Mozilla/5.0 (Windows NT 10.0; Win64; x64) AppleWebKit/537.36 (KHTML, like Gecko) Chrome/81.0.4044.138 Safari/537.36\"\n","level":"info"}
{"message":"::1 - - [20/May/2020:14:21:29 +0000] \"GET /profesores HTTP/1.1\" 304 - \"http://localhost:4200/profile-profesor/1003\" \"Mozilla/5.0 (Windows NT 10.0; Win64; x64) AppleWebKit/537.36 (KHTML, like Gecko) Chrome/81.0.4044.138 Safari/537.36\"\n","level":"info"}
{"message":"::1 - - [20/May/2020:14:21:29 +0000] \"GET /notificaciones/NotisUsuario/1 HTTP/1.1\" 304 - \"http://localhost:4200/profile-profesor/1003\" \"Mozilla/5.0 (Windows NT 10.0; Win64; x64) AppleWebKit/537.36 (KHTML, like Gecko) Chrome/81.0.4044.138 Safari/537.36\"\n","level":"info"}
{"message":"::1 - - [20/May/2020:14:21:29 +0000] \"GET /usuarios/1003 HTTP/1.1\" 304 - \"http://localhost:4200/profile-profesor/1003\" \"Mozilla/5.0 (Windows NT 10.0; Win64; x64) AppleWebKit/537.36 (KHTML, like Gecko) Chrome/81.0.4044.138 Safari/537.36\"\n","level":"info"}
{"message":"::1 - - [20/May/2020:14:21:29 +0000] \"GET /profesores/sacarProfesor/1003 HTTP/1.1\" 200 3 \"http://localhost:4200/profile-profesor/1003\" \"Mozilla/5.0 (Windows NT 10.0; Win64; x64) AppleWebKit/537.36 (KHTML, like Gecko) Chrome/81.0.4044.138 Safari/537.36\"\n","level":"info"}
{"message":"::1 - - [20/May/2020:14:21:29 +0000] \"GET /profesores_favoritos/sacarporusu/1 HTTP/1.1\" 304 - \"http://localhost:4200/profile-profesor/1003\" \"Mozilla/5.0 (Windows NT 10.0; Win64; x64) AppleWebKit/537.36 (KHTML, like Gecko) Chrome/81.0.4044.138 Safari/537.36\"\n","level":"info"}
{"message":"::1 - - [20/May/2020:14:21:29 +0000] \"GET /imagenes/usuarios/1003-786.webp HTTP/1.1\" 304 - \"http://localhost:4200/profile-profesor/1003\" \"Mozilla/5.0 (Windows NT 10.0; Win64; x64) AppleWebKit/537.36 (KHTML, like Gecko) Chrome/81.0.4044.138 Safari/537.36\"\n","level":"info"}
{"message":"::1 - - [20/May/2020:14:21:30 +0000] \"GET /imagenes/usuarios/1-268.webp HTTP/1.1\" 304 - \"http://localhost:4200/profile-profesor/1003\" \"Mozilla/5.0 (Windows NT 10.0; Win64; x64) AppleWebKit/537.36 (KHTML, like Gecko) Chrome/81.0.4044.138 Safari/537.36\"\n","level":"info"}
{"message":"::1 - - [20/May/2020:14:21:30 +0000] \"GET /profesores/sacarProfesor/1003 HTTP/1.1\" 304 - \"http://localhost:4200/profile-profesor/1003\" \"Mozilla/5.0 (Windows NT 10.0; Win64; x64) AppleWebKit/537.36 (KHTML, like Gecko) Chrome/81.0.4044.138 Safari/537.36\"\n","level":"info"}
{"message":"::1 - - [20/May/2020:14:21:30 +0000] \"GET /impartes/sacarAsignaturas/501 HTTP/1.1\" 200 619 \"http://localhost:4200/profile-profesor/1003\" \"Mozilla/5.0 (Windows NT 10.0; Win64; x64) AppleWebKit/537.36 (KHTML, like Gecko) Chrome/81.0.4044.138 Safari/537.36\"\n","level":"info"}
{"message":"::1 - - [20/May/2020:14:21:30 +0000] \"GET /valoraciones/ValoracionProfe/501 HTTP/1.1\" 200 1076 \"http://localhost:4200/profile-profesor/1003\" \"Mozilla/5.0 (Windows NT 10.0; Win64; x64) AppleWebKit/537.36 (KHTML, like Gecko) Chrome/81.0.4044.138 Safari/537.36\"\n","level":"info"}
{"message":"::1 - - [20/May/2020:14:21:30 +0000] \"GET /profesores/sacarProfesor/1003 HTTP/1.1\" 304 - \"http://localhost:4200/profile-profesor/1003\" \"Mozilla/5.0 (Windows NT 10.0; Win64; x64) AppleWebKit/537.36 (KHTML, like Gecko) Chrome/81.0.4044.138 Safari/537.36\"\n","level":"info"}
{"message":"::1 - - [20/May/2020:14:21:30 +0000] \"GET /horarios/profesor/501 HTTP/1.1\" 200 790 \"http://localhost:4200/profile-profesor/1003\" \"Mozilla/5.0 (Windows NT 10.0; Win64; x64) AppleWebKit/537.36 (KHTML, like Gecko) Chrome/81.0.4044.138 Safari/537.36\"\n","level":"info"}
{"message":"::1 - - [20/May/2020:14:21:30 +0000] \"GET /usuarios/1001 HTTP/1.1\" 304 - \"http://localhost:4200/profile-profesor/1003\" \"Mozilla/5.0 (Windows NT 10.0; Win64; x64) AppleWebKit/537.36 (KHTML, like Gecko) Chrome/81.0.4044.138 Safari/537.36\"\n","level":"info"}
{"message":"::1 - - [20/May/2020:14:21:30 +0000] \"GET /usuarios/54 HTTP/1.1\" 200 496 \"http://localhost:4200/profile-profesor/1003\" \"Mozilla/5.0 (Windows NT 10.0; Win64; x64) AppleWebKit/537.36 (KHTML, like Gecko) Chrome/81.0.4044.138 Safari/537.36\"\n","level":"info"}
{"message":"::1 - - [20/May/2020:14:21:30 +0000] \"GET /usuarios/1 HTTP/1.1\" 304 - \"http://localhost:4200/profile-profesor/1003\" \"Mozilla/5.0 (Windows NT 10.0; Win64; x64) AppleWebKit/537.36 (KHTML, like Gecko) Chrome/81.0.4044.138 Safari/537.36\"\n","level":"info"}
{"message":"::1 - - [20/May/2020:14:21:30 +0000] \"GET /usuarios/503 HTTP/1.1\" 200 470 \"http://localhost:4200/profile-profesor/1003\" \"Mozilla/5.0 (Windows NT 10.0; Win64; x64) AppleWebKit/537.36 (KHTML, like Gecko) Chrome/81.0.4044.138 Safari/537.36\"\n","level":"info"}
{"message":"::1 - - [20/May/2020:14:21:30 +0000] \"GET /usuarios/511 HTTP/1.1\" 304 - \"http://localhost:4200/profile-profesor/1003\" \"Mozilla/5.0 (Windows NT 10.0; Win64; x64) AppleWebKit/537.36 (KHTML, like Gecko) Chrome/81.0.4044.138 Safari/537.36\"\n","level":"info"}
{"message":"::1 - - [20/May/2020:14:21:30 +0000] \"GET /usuarios/1001 HTTP/1.1\" 304 - \"http://localhost:4200/profile-profesor/1003\" \"Mozilla/5.0 (Windows NT 10.0; Win64; x64) AppleWebKit/537.36 (KHTML, like Gecko) Chrome/81.0.4044.138 Safari/537.36\"\n","level":"info"}
{"message":"::1 - - [20/May/2020:14:21:34 +0000] \"GET /impartes HTTP/1.1\" 304 - \"http://localhost:4200/home\" \"Mozilla/5.0 (Windows NT 10.0; Win64; x64) AppleWebKit/537.36 (KHTML, like Gecko) Chrome/81.0.4044.138 Safari/537.36\"\n","level":"info"}
{"message":"::1 - - [20/May/2020:14:21:34 +0000] \"GET /profesores/mejoresValorados HTTP/1.1\" 304 - \"http://localhost:4200/home\" \"Mozilla/5.0 (Windows NT 10.0; Win64; x64) AppleWebKit/537.36 (KHTML, like Gecko) Chrome/81.0.4044.138 Safari/537.36\"\n","level":"info"}
{"message":"::1 - - [20/May/2020:14:21:34 +0000] \"GET /usuarios/1 HTTP/1.1\" 304 - \"http://localhost:4200/home\" \"Mozilla/5.0 (Windows NT 10.0; Win64; x64) AppleWebKit/537.36 (KHTML, like Gecko) Chrome/81.0.4044.138 Safari/537.36\"\n","level":"info"}
{"message":"::1 - - [20/May/2020:14:21:34 +0000] \"GET /profesores HTTP/1.1\" 304 - \"http://localhost:4200/home\" \"Mozilla/5.0 (Windows NT 10.0; Win64; x64) AppleWebKit/537.36 (KHTML, like Gecko) Chrome/81.0.4044.138 Safari/537.36\"\n","level":"info"}
{"message":"::1 - - [20/May/2020:14:21:34 +0000] \"GET /notificaciones/NotisUsuario/1 HTTP/1.1\" 304 - \"http://localhost:4200/home\" \"Mozilla/5.0 (Windows NT 10.0; Win64; x64) AppleWebKit/537.36 (KHTML, like Gecko) Chrome/81.0.4044.138 Safari/537.36\"\n","level":"info"}
{"message":"::1 - - [20/May/2020:14:21:34 +0000] \"GET /usuarios/1003 HTTP/1.1\" 304 - \"http://localhost:4200/home\" \"Mozilla/5.0 (Windows NT 10.0; Win64; x64) AppleWebKit/537.36 (KHTML, like Gecko) Chrome/81.0.4044.138 Safari/537.36\"\n","level":"info"}
{"message":"::1 - - [20/May/2020:14:21:34 +0000] \"GET /usuarios/3 HTTP/1.1\" 304 - \"http://localhost:4200/home\" \"Mozilla/5.0 (Windows NT 10.0; Win64; x64) AppleWebKit/537.36 (KHTML, like Gecko) Chrome/81.0.4044.138 Safari/537.36\"\n","level":"info"}
{"message":"::1 - - [20/May/2020:14:21:34 +0000] \"GET /usuarios/1030 HTTP/1.1\" 304 - \"http://localhost:4200/home\" \"Mozilla/5.0 (Windows NT 10.0; Win64; x64) AppleWebKit/537.36 (KHTML, like Gecko) Chrome/81.0.4044.138 Safari/537.36\"\n","level":"info"}
{"message":"::1 - - [20/May/2020:14:21:34 +0000] \"GET /usuarios/5 HTTP/1.1\" 304 - \"http://localhost:4200/home\" \"Mozilla/5.0 (Windows NT 10.0; Win64; x64) AppleWebKit/537.36 (KHTML, like Gecko) Chrome/81.0.4044.138 Safari/537.36\"\n","level":"info"}
{"message":"::1 - - [20/May/2020:14:21:34 +0000] \"GET /usuarios/6 HTTP/1.1\" 304 - \"http://localhost:4200/home\" \"Mozilla/5.0 (Windows NT 10.0; Win64; x64) AppleWebKit/537.36 (KHTML, like Gecko) Chrome/81.0.4044.138 Safari/537.36\"\n","level":"info"}
{"message":"::1 - - [20/May/2020:14:21:34 +0000] \"GET /imagenes/usuarios/1030-615.webp HTTP/1.1\" 304 - \"http://localhost:4200/home\" \"Mozilla/5.0 (Windows NT 10.0; Win64; x64) AppleWebKit/537.36 (KHTML, like Gecko) Chrome/81.0.4044.138 Safari/537.36\"\n","level":"info"}
{"message":"::1 - - [20/May/2020:14:21:34 +0000] \"GET /usuarios/7 HTTP/1.1\" 304 - \"http://localhost:4200/home\" \"Mozilla/5.0 (Windows NT 10.0; Win64; x64) AppleWebKit/537.36 (KHTML, like Gecko) Chrome/81.0.4044.138 Safari/537.36\"\n","level":"info"}
{"message":"::1 - - [20/May/2020:14:21:34 +0000] \"GET /usuarios/8 HTTP/1.1\" 304 - \"http://localhost:4200/home\" \"Mozilla/5.0 (Windows NT 10.0; Win64; x64) AppleWebKit/537.36 (KHTML, like Gecko) Chrome/81.0.4044.138 Safari/537.36\"\n","level":"info"}
{"message":"::1 - - [20/May/2020:14:21:34 +0000] \"GET /usuarios/1 HTTP/1.1\" 304 - \"http://localhost:4200/home\" \"Mozilla/5.0 (Windows NT 10.0; Win64; x64) AppleWebKit/537.36 (KHTML, like Gecko) Chrome/81.0.4044.138 Safari/537.36\"\n","level":"info"}
{"message":"::1 - - [20/May/2020:14:43:16 +0000] \"GET /usuarios/1 HTTP/1.1\" 304 - \"http://localhost:4200/home\" \"Mozilla/5.0 (Windows NT 10.0; Win64; x64) AppleWebKit/537.36 (KHTML, like Gecko) Chrome/81.0.4044.138 Safari/537.36\"\n","level":"info"}
{"message":"::1 - - [20/May/2020:14:43:16 +0000] \"GET /profesores HTTP/1.1\" 304 - \"http://localhost:4200/home\" \"Mozilla/5.0 (Windows NT 10.0; Win64; x64) AppleWebKit/537.36 (KHTML, like Gecko) Chrome/81.0.4044.138 Safari/537.36\"\n","level":"info"}
{"message":"::1 - - [20/May/2020:14:43:16 +0000] \"GET /impartes HTTP/1.1\" 304 - \"http://localhost:4200/home\" \"Mozilla/5.0 (Windows NT 10.0; Win64; x64) AppleWebKit/537.36 (KHTML, like Gecko) Chrome/81.0.4044.138 Safari/537.36\"\n","level":"info"}
{"message":"::1 - - [20/May/2020:14:43:16 +0000] \"GET /profesores/mejoresValorados HTTP/1.1\" 304 - \"http://localhost:4200/home\" \"Mozilla/5.0 (Windows NT 10.0; Win64; x64) AppleWebKit/537.36 (KHTML, like Gecko) Chrome/81.0.4044.138 Safari/537.36\"\n","level":"info"}
{"message":"::1 - - [20/May/2020:14:43:16 +0000] \"GET /usuarios/1 HTTP/1.1\" 304 - \"http://localhost:4200/home\" \"Mozilla/5.0 (Windows NT 10.0; Win64; x64) AppleWebKit/537.36 (KHTML, like Gecko) Chrome/81.0.4044.138 Safari/537.36\"\n","level":"info"}
{"message":"::1 - - [20/May/2020:14:43:16 +0000] \"GET /profesores HTTP/1.1\" 304 - \"http://localhost:4200/home\" \"Mozilla/5.0 (Windows NT 10.0; Win64; x64) AppleWebKit/537.36 (KHTML, like Gecko) Chrome/81.0.4044.138 Safari/537.36\"\n","level":"info"}
{"message":"::1 - - [20/May/2020:14:43:16 +0000] \"GET /notificaciones/NotisUsuario/1 HTTP/1.1\" 304 - \"http://localhost:4200/home\" \"Mozilla/5.0 (Windows NT 10.0; Win64; x64) AppleWebKit/537.36 (KHTML, like Gecko) Chrome/81.0.4044.138 Safari/537.36\"\n","level":"info"}
{"message":"::1 - - [20/May/2020:14:43:17 +0000] \"GET /usuarios/1 HTTP/1.1\" 304 - \"http://localhost:4200/buscador\" \"Mozilla/5.0 (Windows NT 10.0; Win64; x64) AppleWebKit/537.36 (KHTML, like Gecko) Chrome/81.0.4044.138 Safari/537.36\"\n","level":"info"}
{"message":"::1 - - [20/May/2020:14:43:17 +0000] \"GET /profesores HTTP/1.1\" 304 - \"http://localhost:4200/buscador\" \"Mozilla/5.0 (Windows NT 10.0; Win64; x64) AppleWebKit/537.36 (KHTML, like Gecko) Chrome/81.0.4044.138 Safari/537.36\"\n","level":"info"}
{"message":"::1 - - [20/May/2020:14:43:17 +0000] \"GET /impartes HTTP/1.1\" 304 - \"http://localhost:4200/buscador\" \"Mozilla/5.0 (Windows NT 10.0; Win64; x64) AppleWebKit/537.36 (KHTML, like Gecko) Chrome/81.0.4044.138 Safari/537.36\"\n","level":"info"}
{"message":"::1 - - [20/May/2020:14:43:17 +0000] \"GET /notificaciones/NotisUsuario/1 HTTP/1.1\" 304 - \"http://localhost:4200/buscador\" \"Mozilla/5.0 (Windows NT 10.0; Win64; x64) AppleWebKit/537.36 (KHTML, like Gecko) Chrome/81.0.4044.138 Safari/537.36\"\n","level":"info"}
{"message":"::1 - - [20/May/2020:14:43:17 +0000] \"GET /usuarios/1 HTTP/1.1\" 304 - \"http://localhost:4200/home\" \"Mozilla/5.0 (Windows NT 10.0; Win64; x64) AppleWebKit/537.36 (KHTML, like Gecko) Chrome/81.0.4044.138 Safari/537.36\"\n","level":"info"}
{"message":"::1 - - [20/May/2020:14:43:17 +0000] \"GET /usuarios/1003 HTTP/1.1\" 304 - \"http://localhost:4200/home\" \"Mozilla/5.0 (Windows NT 10.0; Win64; x64) AppleWebKit/537.36 (KHTML, like Gecko) Chrome/81.0.4044.138 Safari/537.36\"\n","level":"info"}
{"message":"::1 - - [20/May/2020:14:43:17 +0000] \"GET /usuarios/3 HTTP/1.1\" 304 - \"http://localhost:4200/home\" \"Mozilla/5.0 (Windows NT 10.0; Win64; x64) AppleWebKit/537.36 (KHTML, like Gecko) Chrome/81.0.4044.138 Safari/537.36\"\n","level":"info"}
{"message":"::1 - - [20/May/2020:14:43:17 +0000] \"GET /usuarios/1030 HTTP/1.1\" 304 - \"http://localhost:4200/home\" \"Mozilla/5.0 (Windows NT 10.0; Win64; x64) AppleWebKit/537.36 (KHTML, like Gecko) Chrome/81.0.4044.138 Safari/537.36\"\n","level":"info"}
{"message":"::1 - - [20/May/2020:14:43:17 +0000] \"GET /usuarios/5 HTTP/1.1\" 304 - \"http://localhost:4200/home\" \"Mozilla/5.0 (Windows NT 10.0; Win64; x64) AppleWebKit/537.36 (KHTML, like Gecko) Chrome/81.0.4044.138 Safari/537.36\"\n","level":"info"}
{"message":"::1 - - [20/May/2020:14:43:17 +0000] \"GET /usuarios/6 HTTP/1.1\" 304 - \"http://localhost:4200/home\" \"Mozilla/5.0 (Windows NT 10.0; Win64; x64) AppleWebKit/537.36 (KHTML, like Gecko) Chrome/81.0.4044.138 Safari/537.36\"\n","level":"info"}
{"message":"::1 - - [20/May/2020:14:43:17 +0000] \"GET /usuarios/7 HTTP/1.1\" 304 - \"http://localhost:4200/home\" \"Mozilla/5.0 (Windows NT 10.0; Win64; x64) AppleWebKit/537.36 (KHTML, like Gecko) Chrome/81.0.4044.138 Safari/537.36\"\n","level":"info"}
{"message":"::1 - - [20/May/2020:14:43:17 +0000] \"GET /usuarios/8 HTTP/1.1\" 304 - \"http://localhost:4200/home\" \"Mozilla/5.0 (Windows NT 10.0; Win64; x64) AppleWebKit/537.36 (KHTML, like Gecko) Chrome/81.0.4044.138 Safari/537.36\"\n","level":"info"}
{"message":"::1 - - [20/May/2020:14:43:17 +0000] \"GET /imagenes/usuarios/1-268.webp HTTP/1.1\" 304 - \"http://localhost:4200/buscador\" \"Mozilla/5.0 (Windows NT 10.0; Win64; x64) AppleWebKit/537.36 (KHTML, like Gecko) Chrome/81.0.4044.138 Safari/537.36\"\n","level":"info"}
{"message":"::1 - - [20/May/2020:14:43:17 +0000] \"GET /imagenes/usuarios/1-268.webp HTTP/1.1\" 304 - \"http://localhost:4200/home\" \"Mozilla/5.0 (Windows NT 10.0; Win64; x64) AppleWebKit/537.36 (KHTML, like Gecko) Chrome/81.0.4044.138 Safari/537.36\"\n","level":"info"}
{"message":"::1 - - [20/May/2020:14:43:17 +0000] \"GET /imagenes/usuarios/1-268.webp HTTP/1.1\" 304 - \"http://localhost:4200/home\" \"Mozilla/5.0 (Windows NT 10.0; Win64; x64) AppleWebKit/537.36 (KHTML, like Gecko) Chrome/81.0.4044.138 Safari/537.36\"\n","level":"info"}
{"message":"::1 - - [20/May/2020:14:43:17 +0000] \"GET /imagenes/usuarios/1003-786.webp HTTP/1.1\" 304 - \"http://localhost:4200/home\" \"Mozilla/5.0 (Windows NT 10.0; Win64; x64) AppleWebKit/537.36 (KHTML, like Gecko) Chrome/81.0.4044.138 Safari/537.36\"\n","level":"info"}
{"message":"::1 - - [20/May/2020:14:43:17 +0000] \"GET /imagenes/usuarios/1030-615.webp HTTP/1.1\" 304 - \"http://localhost:4200/home\" \"Mozilla/5.0 (Windows NT 10.0; Win64; x64) AppleWebKit/537.36 (KHTML, like Gecko) Chrome/81.0.4044.138 Safari/537.36\"\n","level":"info"}
{"message":"::1 - - [22/May/2020:09:59:30 +0000] \"GET /impartes HTTP/1.1\" 304 - \"http://localhost:4200/home\" \"Mozilla/5.0 (Windows NT 10.0; Win64; x64) AppleWebKit/537.36 (KHTML, like Gecko) Chrome/81.0.4044.138 Safari/537.36\"\n","level":"info"}
{"message":"::1 - - [22/May/2020:09:59:30 +0000] \"GET /notificaciones/NotisUsuario/1 HTTP/1.1\" 304 - \"http://localhost:4200/home\" \"Mozilla/5.0 (Windows NT 10.0; Win64; x64) AppleWebKit/537.36 (KHTML, like Gecko) Chrome/81.0.4044.138 Safari/537.36\"\n","level":"info"}
{"message":"::1 - - [22/May/2020:09:59:30 +0000] \"GET /profesores HTTP/1.1\" 304 - \"http://localhost:4200/\" \"Mozilla/5.0 (Windows NT 10.0; Win64; x64) AppleWebKit/537.36 (KHTML, like Gecko) Chrome/81.0.4044.138 Safari/537.36\"\n","level":"info"}
{"message":"::1 - - [22/May/2020:09:59:30 +0000] \"GET /usuarios/1 HTTP/1.1\" 304 - \"http://localhost:4200/\" \"Mozilla/5.0 (Windows NT 10.0; Win64; x64) AppleWebKit/537.36 (KHTML, like Gecko) Chrome/81.0.4044.138 Safari/537.36\"\n","level":"info"}
{"message":"::1 - - [22/May/2020:09:59:30 +0000] \"GET /profesores/mejoresValorados HTTP/1.1\" 304 - \"http://localhost:4200/home\" \"Mozilla/5.0 (Windows NT 10.0; Win64; x64) AppleWebKit/537.36 (KHTML, like Gecko) Chrome/81.0.4044.138 Safari/537.36\"\n","level":"info"}
{"message":"::1 - - [22/May/2020:09:59:30 +0000] \"GET /imagenes/usuarios/1-268.webp HTTP/1.1\" 304 - \"http://localhost:4200/home\" \"Mozilla/5.0 (Windows NT 10.0; Win64; x64) AppleWebKit/537.36 (KHTML, like Gecko) Chrome/81.0.4044.138 Safari/537.36\"\n","level":"info"}
{"message":"::1 - - [22/May/2020:09:59:30 +0000] \"GET /profesores HTTP/1.1\" 304 - \"http://localhost:4200/home\" \"Mozilla/5.0 (Windows NT 10.0; Win64; x64) AppleWebKit/537.36 (KHTML, like Gecko) Chrome/81.0.4044.138 Safari/537.36\"\n","level":"info"}
{"message":"::1 - - [22/May/2020:09:59:30 +0000] \"GET /usuarios/1 HTTP/1.1\" 304 - \"http://localhost:4200/home\" \"Mozilla/5.0 (Windows NT 10.0; Win64; x64) AppleWebKit/537.36 (KHTML, like Gecko) Chrome/81.0.4044.138 Safari/537.36\"\n","level":"info"}
{"message":"::1 - - [22/May/2020:09:59:30 +0000] \"GET /usuarios/1003 HTTP/1.1\" 304 - \"http://localhost:4200/home\" \"Mozilla/5.0 (Windows NT 10.0; Win64; x64) AppleWebKit/537.36 (KHTML, like Gecko) Chrome/81.0.4044.138 Safari/537.36\"\n","level":"info"}
{"message":"::1 - - [22/May/2020:09:59:30 +0000] \"GET /usuarios/3 HTTP/1.1\" 304 - \"http://localhost:4200/home\" \"Mozilla/5.0 (Windows NT 10.0; Win64; x64) AppleWebKit/537.36 (KHTML, like Gecko) Chrome/81.0.4044.138 Safari/537.36\"\n","level":"info"}
{"message":"::1 - - [22/May/2020:09:59:30 +0000] \"GET /usuarios/1030 HTTP/1.1\" 304 - \"http://localhost:4200/home\" \"Mozilla/5.0 (Windows NT 10.0; Win64; x64) AppleWebKit/537.36 (KHTML, like Gecko) Chrome/81.0.4044.138 Safari/537.36\"\n","level":"info"}
{"message":"::1 - - [22/May/2020:09:59:30 +0000] \"GET /imagenes/usuarios/1003-786.webp HTTP/1.1\" 304 - \"http://localhost:4200/home\" \"Mozilla/5.0 (Windows NT 10.0; Win64; x64) AppleWebKit/537.36 (KHTML, like Gecko) Chrome/81.0.4044.138 Safari/537.36\"\n","level":"info"}
{"message":"::1 - - [22/May/2020:09:59:30 +0000] \"GET /usuarios/5 HTTP/1.1\" 304 - \"http://localhost:4200/home\" \"Mozilla/5.0 (Windows NT 10.0; Win64; x64) AppleWebKit/537.36 (KHTML, like Gecko) Chrome/81.0.4044.138 Safari/537.36\"\n","level":"info"}
{"message":"::1 - - [22/May/2020:09:59:30 +0000] \"GET /imagenes/usuarios/1030-615.webp HTTP/1.1\" 304 - \"http://localhost:4200/home\" \"Mozilla/5.0 (Windows NT 10.0; Win64; x64) AppleWebKit/537.36 (KHTML, like Gecko) Chrome/81.0.4044.138 Safari/537.36\"\n","level":"info"}
{"message":"::1 - - [22/May/2020:09:59:30 +0000] \"GET /usuarios/6 HTTP/1.1\" 304 - \"http://localhost:4200/home\" \"Mozilla/5.0 (Windows NT 10.0; Win64; x64) AppleWebKit/537.36 (KHTML, like Gecko) Chrome/81.0.4044.138 Safari/537.36\"\n","level":"info"}
{"message":"::1 - - [22/May/2020:09:59:30 +0000] \"GET /usuarios/7 HTTP/1.1\" 304 - \"http://localhost:4200/home\" \"Mozilla/5.0 (Windows NT 10.0; Win64; x64) AppleWebKit/537.36 (KHTML, like Gecko) Chrome/81.0.4044.138 Safari/537.36\"\n","level":"info"}
{"message":"::1 - - [22/May/2020:09:59:30 +0000] \"GET /usuarios/8 HTTP/1.1\" 304 - \"http://localhost:4200/home\" \"Mozilla/5.0 (Windows NT 10.0; Win64; x64) AppleWebKit/537.36 (KHTML, like Gecko) Chrome/81.0.4044.138 Safari/537.36\"\n","level":"info"}
{"message":"::1 - - [22/May/2020:09:59:30 +0000] \"GET /usuarios/1 HTTP/1.1\" 304 - \"http://localhost:4200/home\" \"Mozilla/5.0 (Windows NT 10.0; Win64; x64) AppleWebKit/537.36 (KHTML, like Gecko) Chrome/81.0.4044.138 Safari/537.36\"\n","level":"info"}
{"message":"::1 - - [22/May/2020:09:59:35 +0000] \"GET /usuarios/1 HTTP/1.1\" 304 - \"http://localhost:4200/panel-usuario/videoconferencia\" \"Mozilla/5.0 (Windows NT 10.0; Win64; x64) AppleWebKit/537.36 (KHTML, like Gecko) Chrome/81.0.4044.138 Safari/537.36\"\n","level":"info"}
{"message":"::1 - - [22/May/2020:09:59:35 +0000] \"GET /profesores HTTP/1.1\" 304 - \"http://localhost:4200/panel-usuario/videoconferencia\" \"Mozilla/5.0 (Windows NT 10.0; Win64; x64) AppleWebKit/537.36 (KHTML, like Gecko) Chrome/81.0.4044.138 Safari/537.36\"\n","level":"info"}
{"message":"::1 - - [22/May/2020:09:59:35 +0000] \"GET /imagenes/usuarios/1-268.webp HTTP/1.1\" 304 - \"http://localhost:4200/panel-usuario/videoconferencia\" \"Mozilla/5.0 (Windows NT 10.0; Win64; x64) AppleWebKit/537.36 (KHTML, like Gecko) Chrome/81.0.4044.138 Safari/537.36\"\n","level":"info"}
{"message":"::1 - - [22/May/2020:09:59:35 +0000] \"GET /usuarios/1 HTTP/1.1\" 304 - \"http://localhost:4200/panel-usuario/videoconferencia\" \"Mozilla/5.0 (Windows NT 10.0; Win64; x64) AppleWebKit/537.36 (KHTML, like Gecko) Chrome/81.0.4044.138 Safari/537.36\"\n","level":"info"}
{"message":"::1 - - [22/May/2020:09:59:35 +0000] \"GET /profesores HTTP/1.1\" 304 - \"http://localhost:4200/panel-usuario/videoconferencia\" \"Mozilla/5.0 (Windows NT 10.0; Win64; x64) AppleWebKit/537.36 (KHTML, like Gecko) Chrome/81.0.4044.138 Safari/537.36\"\n","level":"info"}
{"message":"::1 - - [22/May/2020:10:03:53 +0000] \"GET /usuarios/1 HTTP/1.1\" 304 - \"http://localhost:4200/panel-usuario/videoconferencia\" \"Mozilla/5.0 (Windows NT 10.0; Win64; x64) AppleWebKit/537.36 (KHTML, like Gecko) Chrome/81.0.4044.138 Safari/537.36\"\n","level":"info"}
{"message":"::1 - - [22/May/2020:10:03:53 +0000] \"GET /profesores HTTP/1.1\" 304 - \"http://localhost:4200/panel-usuario/videoconferencia\" \"Mozilla/5.0 (Windows NT 10.0; Win64; x64) AppleWebKit/537.36 (KHTML, like Gecko) Chrome/81.0.4044.138 Safari/537.36\"\n","level":"info"}
{"message":"::1 - - [22/May/2020:10:03:54 +0000] \"GET /usuarios/1 HTTP/1.1\" 304 - \"http://localhost:4200/panel-usuario/videoconferencia\" \"Mozilla/5.0 (Windows NT 10.0; Win64; x64) AppleWebKit/537.36 (KHTML, like Gecko) Chrome/81.0.4044.138 Safari/537.36\"\n","level":"info"}
{"message":"::1 - - [22/May/2020:10:03:54 +0000] \"GET /imagenes/usuarios/1-268.webp HTTP/1.1\" 304 - \"http://localhost:4200/panel-usuario/videoconferencia\" \"Mozilla/5.0 (Windows NT 10.0; Win64; x64) AppleWebKit/537.36 (KHTML, like Gecko) Chrome/81.0.4044.138 Safari/537.36\"\n","level":"info"}
{"message":"::1 - - [22/May/2020:10:03:54 +0000] \"GET /profesores HTTP/1.1\" 304 - \"http://localhost:4200/panel-usuario/videoconferencia\" \"Mozilla/5.0 (Windows NT 10.0; Win64; x64) AppleWebKit/537.36 (KHTML, like Gecko) Chrome/81.0.4044.138 Safari/537.36\"\n","level":"info"}
{"message":"::1 - - [22/May/2020:10:04:06 +0000] \"GET /usuarios/1 HTTP/1.1\" 304 - \"http://localhost:4200/panel-usuario/videoconferencia\" \"Mozilla/5.0 (Windows NT 10.0; Win64; x64) AppleWebKit/537.36 (KHTML, like Gecko) Chrome/81.0.4044.138 Safari/537.36\"\n","level":"info"}
{"message":"::1 - - [22/May/2020:10:04:06 +0000] \"GET /profesores HTTP/1.1\" 304 - \"http://localhost:4200/panel-usuario/videoconferencia\" \"Mozilla/5.0 (Windows NT 10.0; Win64; x64) AppleWebKit/537.36 (KHTML, like Gecko) Chrome/81.0.4044.138 Safari/537.36\"\n","level":"info"}
{"message":"::1 - - [22/May/2020:10:04:06 +0000] \"GET /usuarios/1 HTTP/1.1\" 304 - \"http://localhost:4200/panel-usuario/videoconferencia\" \"Mozilla/5.0 (Windows NT 10.0; Win64; x64) AppleWebKit/537.36 (KHTML, like Gecko) Chrome/81.0.4044.138 Safari/537.36\"\n","level":"info"}
{"message":"::1 - - [22/May/2020:10:04:06 +0000] \"GET /imagenes/usuarios/1-268.webp HTTP/1.1\" 304 - \"http://localhost:4200/panel-usuario/videoconferencia\" \"Mozilla/5.0 (Windows NT 10.0; Win64; x64) AppleWebKit/537.36 (KHTML, like Gecko) Chrome/81.0.4044.138 Safari/537.36\"\n","level":"info"}
{"message":"::1 - - [22/May/2020:10:04:06 +0000] \"GET /profesores HTTP/1.1\" 304 - \"http://localhost:4200/panel-usuario/videoconferencia\" \"Mozilla/5.0 (Windows NT 10.0; Win64; x64) AppleWebKit/537.36 (KHTML, like Gecko) Chrome/81.0.4044.138 Safari/537.36\"\n","level":"info"}
{"message":"::1 - - [22/May/2020:10:05:15 +0000] \"GET /usuarios/1 HTTP/1.1\" 304 - \"http://localhost:4200/panel-usuario/videoconferencia\" \"Mozilla/5.0 (Windows NT 10.0; Win64; x64) AppleWebKit/537.36 (KHTML, like Gecko) Chrome/81.0.4044.138 Safari/537.36\"\n","level":"info"}
{"message":"::1 - - [22/May/2020:10:05:15 +0000] \"GET /profesores HTTP/1.1\" 304 - \"http://localhost:4200/panel-usuario/videoconferencia\" \"Mozilla/5.0 (Windows NT 10.0; Win64; x64) AppleWebKit/537.36 (KHTML, like Gecko) Chrome/81.0.4044.138 Safari/537.36\"\n","level":"info"}
{"message":"::1 - - [22/May/2020:10:05:15 +0000] \"GET /usuarios/1 HTTP/1.1\" 304 - \"http://localhost:4200/panel-usuario/videoconferencia\" \"Mozilla/5.0 (Windows NT 10.0; Win64; x64) AppleWebKit/537.36 (KHTML, like Gecko) Chrome/81.0.4044.138 Safari/537.36\"\n","level":"info"}
{"message":"::1 - - [22/May/2020:10:05:15 +0000] \"GET /imagenes/usuarios/1-268.webp HTTP/1.1\" 304 - \"http://localhost:4200/panel-usuario/videoconferencia\" \"Mozilla/5.0 (Windows NT 10.0; Win64; x64) AppleWebKit/537.36 (KHTML, like Gecko) Chrome/81.0.4044.138 Safari/537.36\"\n","level":"info"}
{"message":"::1 - - [22/May/2020:10:05:15 +0000] \"GET /profesores HTTP/1.1\" 304 - \"http://localhost:4200/panel-usuario/videoconferencia\" \"Mozilla/5.0 (Windows NT 10.0; Win64; x64) AppleWebKit/537.36 (KHTML, like Gecko) Chrome/81.0.4044.138 Safari/537.36\"\n","level":"info"}
{"message":"::1 - - [22/May/2020:10:05:44 +0000] \"GET /usuarios/1 HTTP/1.1\" 304 - \"http://localhost:4200/panel-usuario/videoconferencia\" \"Mozilla/5.0 (Windows NT 10.0; Win64; x64) AppleWebKit/537.36 (KHTML, like Gecko) Chrome/81.0.4044.138 Safari/537.36\"\n","level":"info"}
{"message":"::1 - - [22/May/2020:10:05:44 +0000] \"GET /profesores HTTP/1.1\" 304 - \"http://localhost:4200/panel-usuario/videoconferencia\" \"Mozilla/5.0 (Windows NT 10.0; Win64; x64) AppleWebKit/537.36 (KHTML, like Gecko) Chrome/81.0.4044.138 Safari/537.36\"\n","level":"info"}
{"message":"::1 - - [22/May/2020:10:05:44 +0000] \"GET /usuarios/1 HTTP/1.1\" 304 - \"http://localhost:4200/panel-usuario/videoconferencia\" \"Mozilla/5.0 (Windows NT 10.0; Win64; x64) AppleWebKit/537.36 (KHTML, like Gecko) Chrome/81.0.4044.138 Safari/537.36\"\n","level":"info"}
{"message":"::1 - - [22/May/2020:10:05:44 +0000] \"GET /imagenes/usuarios/1-268.webp HTTP/1.1\" 304 - \"http://localhost:4200/panel-usuario/videoconferencia\" \"Mozilla/5.0 (Windows NT 10.0; Win64; x64) AppleWebKit/537.36 (KHTML, like Gecko) Chrome/81.0.4044.138 Safari/537.36\"\n","level":"info"}
{"message":"::1 - - [22/May/2020:10:05:44 +0000] \"GET /profesores HTTP/1.1\" 304 - \"http://localhost:4200/panel-usuario/videoconferencia\" \"Mozilla/5.0 (Windows NT 10.0; Win64; x64) AppleWebKit/537.36 (KHTML, like Gecko) Chrome/81.0.4044.138 Safari/537.36\"\n","level":"info"}
{"message":"::1 - - [22/May/2020:15:03:02 +0000] \"GET /usuarios/1 HTTP/1.1\" 304 - \"http://localhost:4200/\" \"Mozilla/5.0 (Windows NT 10.0; Win64; x64) AppleWebKit/537.36 (KHTML, like Gecko) Chrome/81.0.4044.138 Safari/537.36\"\n","level":"info"}
{"message":"::1 - - [22/May/2020:15:03:02 +0000] \"GET /profesores HTTP/1.1\" 304 - \"http://localhost:4200/\" \"Mozilla/5.0 (Windows NT 10.0; Win64; x64) AppleWebKit/537.36 (KHTML, like Gecko) Chrome/81.0.4044.138 Safari/537.36\"\n","level":"info"}
{"message":"::1 - - [22/May/2020:15:03:02 +0000] \"GET /profesores/mejoresValorados HTTP/1.1\" 304 - \"http://localhost:4200/home\" \"Mozilla/5.0 (Windows NT 10.0; Win64; x64) AppleWebKit/537.36 (KHTML, like Gecko) Chrome/81.0.4044.138 Safari/537.36\"\n","level":"info"}
{"message":"::1 - - [22/May/2020:15:03:02 +0000] \"GET /impartes HTTP/1.1\" 304 - \"http://localhost:4200/home\" \"Mozilla/5.0 (Windows NT 10.0; Win64; x64) AppleWebKit/537.36 (KHTML, like Gecko) Chrome/81.0.4044.138 Safari/537.36\"\n","level":"info"}
{"message":"::1 - - [22/May/2020:15:03:02 +0000] \"GET /notificaciones/NotisUsuario/1 HTTP/1.1\" 304 - \"http://localhost:4200/home\" \"Mozilla/5.0 (Windows NT 10.0; Win64; x64) AppleWebKit/537.36 (KHTML, like Gecko) Chrome/81.0.4044.138 Safari/537.36\"\n","level":"info"}
{"message":"::1 - - [22/May/2020:15:03:02 +0000] \"GET /imagenes/usuarios/1-268.webp HTTP/1.1\" 304 - \"http://localhost:4200/home\" \"Mozilla/5.0 (Windows NT 10.0; Win64; x64) AppleWebKit/537.36 (KHTML, like Gecko) Chrome/81.0.4044.138 Safari/537.36\"\n","level":"info"}
{"message":"::1 - - [22/May/2020:15:03:02 +0000] \"GET /usuarios/1 HTTP/1.1\" 304 - \"http://localhost:4200/home\" \"Mozilla/5.0 (Windows NT 10.0; Win64; x64) AppleWebKit/537.36 (KHTML, like Gecko) Chrome/81.0.4044.138 Safari/537.36\"\n","level":"info"}
{"message":"::1 - - [22/May/2020:15:03:02 +0000] \"GET /profesores HTTP/1.1\" 304 - \"http://localhost:4200/home\" \"Mozilla/5.0 (Windows NT 10.0; Win64; x64) AppleWebKit/537.36 (KHTML, like Gecko) Chrome/81.0.4044.138 Safari/537.36\"\n","level":"info"}
{"message":"::1 - - [22/May/2020:15:03:02 +0000] \"GET /impartes/profesor/1 HTTP/1.1\" 200 1037 \"http://localhost:4200/home\" \"Mozilla/5.0 (Windows NT 10.0; Win64; x64) AppleWebKit/537.36 (KHTML, like Gecko) Chrome/81.0.4044.138 Safari/537.36\"\n","level":"info"}
{"message":"::1 - - [22/May/2020:15:03:02 +0000] \"GET /impartes/profesor/501 HTTP/1.1\" 200 619 \"http://localhost:4200/home\" \"Mozilla/5.0 (Windows NT 10.0; Win64; x64) AppleWebKit/537.36 (KHTML, like Gecko) Chrome/81.0.4044.138 Safari/537.36\"\n","level":"info"}
{"message":"::1 - - [22/May/2020:15:03:02 +0000] \"GET /impartes/profesor/3 HTTP/1.1\" 200 627 \"http://localhost:4200/home\" \"Mozilla/5.0 (Windows NT 10.0; Win64; x64) AppleWebKit/537.36 (KHTML, like Gecko) Chrome/81.0.4044.138 Safari/537.36\"\n","level":"info"}
{"message":"::1 - - [22/May/2020:15:03:02 +0000] \"GET /usuarios/1003 HTTP/1.1\" 304 - \"http://localhost:4200/home\" \"Mozilla/5.0 (Windows NT 10.0; Win64; x64) AppleWebKit/537.36 (KHTML, like Gecko) Chrome/81.0.4044.138 Safari/537.36\"\n","level":"info"}
{"message":"::1 - - [22/May/2020:15:03:02 +0000] \"GET /usuarios/3 HTTP/1.1\" 304 - \"http://localhost:4200/home\" \"Mozilla/5.0 (Windows NT 10.0; Win64; x64) AppleWebKit/537.36 (KHTML, like Gecko) Chrome/81.0.4044.138 Safari/537.36\"\n","level":"info"}
{"message":"::1 - - [22/May/2020:15:03:02 +0000] \"GET /impartes/profesor/505 HTTP/1.1\" 200 417 \"http://localhost:4200/home\" \"Mozilla/5.0 (Windows NT 10.0; Win64; x64) AppleWebKit/537.36 (KHTML, like Gecko) Chrome/81.0.4044.138 Safari/537.36\"\n","level":"info"}
{"message":"::1 - - [22/May/2020:15:03:02 +0000] \"GET /impartes/profesor/5 HTTP/1.1\" 200 205 \"http://localhost:4200/home\" \"Mozilla/5.0 (Windows NT 10.0; Win64; x64) AppleWebKit/537.36 (KHTML, like Gecko) Chrome/81.0.4044.138 Safari/537.36\"\n","level":"info"}
{"message":"::1 - - [22/May/2020:15:03:02 +0000] \"GET /usuarios/1030 HTTP/1.1\" 304 - \"http://localhost:4200/home\" \"Mozilla/5.0 (Windows NT 10.0; Win64; x64) AppleWebKit/537.36 (KHTML, like Gecko) Chrome/81.0.4044.138 Safari/537.36\"\n","level":"info"}
{"message":"::1 - - [22/May/2020:15:03:02 +0000] \"GET /impartes/profesor/6 HTTP/1.1\" 200 210 \"http://localhost:4200/home\" \"Mozilla/5.0 (Windows NT 10.0; Win64; x64) AppleWebKit/537.36 (KHTML, like Gecko) Chrome/81.0.4044.138 Safari/537.36\"\n","level":"info"}
{"message":"::1 - - [22/May/2020:15:03:02 +0000] \"GET /usuarios/5 HTTP/1.1\" 304 - \"http://localhost:4200/home\" \"Mozilla/5.0 (Windows NT 10.0; Win64; x64) AppleWebKit/537.36 (KHTML, like Gecko) Chrome/81.0.4044.138 Safari/537.36\"\n","level":"info"}
{"message":"::1 - - [22/May/2020:15:03:02 +0000] \"GET /impartes/profesor/7 HTTP/1.1\" 200 2 \"http://localhost:4200/home\" \"Mozilla/5.0 (Windows NT 10.0; Win64; x64) AppleWebKit/537.36 (KHTML, like Gecko) Chrome/81.0.4044.138 Safari/537.36\"\n","level":"info"}
{"message":"::1 - - [22/May/2020:15:03:02 +0000] \"GET /usuarios/6 HTTP/1.1\" 304 - \"http://localhost:4200/home\" \"Mozilla/5.0 (Windows NT 10.0; Win64; x64) AppleWebKit/537.36 (KHTML, like Gecko) Chrome/81.0.4044.138 Safari/537.36\"\n","level":"info"}
{"message":"::1 - - [22/May/2020:15:03:02 +0000] \"GET /impartes/profesor/8 HTTP/1.1\" 200 2 \"http://localhost:4200/home\" \"Mozilla/5.0 (Windows NT 10.0; Win64; x64) AppleWebKit/537.36 (KHTML, like Gecko) Chrome/81.0.4044.138 Safari/537.36\"\n","level":"info"}
{"message":"::1 - - [22/May/2020:15:03:02 +0000] \"GET /usuarios/7 HTTP/1.1\" 304 - \"http://localhost:4200/home\" \"Mozilla/5.0 (Windows NT 10.0; Win64; x64) AppleWebKit/537.36 (KHTML, like Gecko) Chrome/81.0.4044.138 Safari/537.36\"\n","level":"info"}
{"message":"::1 - - [22/May/2020:15:03:02 +0000] \"GET /usuarios/8 HTTP/1.1\" 304 - \"http://localhost:4200/home\" \"Mozilla/5.0 (Windows NT 10.0; Win64; x64) AppleWebKit/537.36 (KHTML, like Gecko) Chrome/81.0.4044.138 Safari/537.36\"\n","level":"info"}
{"message":"::1 - - [22/May/2020:15:03:02 +0000] \"GET /imagenes/usuarios/1003-786.webp HTTP/1.1\" 304 - \"http://localhost:4200/home\" \"Mozilla/5.0 (Windows NT 10.0; Win64; x64) AppleWebKit/537.36 (KHTML, like Gecko) Chrome/81.0.4044.138 Safari/537.36\"\n","level":"info"}
{"message":"::1 - - [22/May/2020:15:03:02 +0000] \"GET /usuarios/1 HTTP/1.1\" 304 - \"http://localhost:4200/home\" \"Mozilla/5.0 (Windows NT 10.0; Win64; x64) AppleWebKit/537.36 (KHTML, like Gecko) Chrome/81.0.4044.138 Safari/537.36\"\n","level":"info"}
{"message":"::1 - - [22/May/2020:15:03:02 +0000] \"GET /imagenes/usuarios/1030-615.webp HTTP/1.1\" 304 - \"http://localhost:4200/home\" \"Mozilla/5.0 (Windows NT 10.0; Win64; x64) AppleWebKit/537.36 (KHTML, like Gecko) Chrome/81.0.4044.138 Safari/537.36\"\n","level":"info"}
{"message":"::1 - - [22/May/2020:15:03:14 +0000] \"GET /usuarios/1 HTTP/1.1\" 304 - \"http://localhost:4200/panel-usuario/videoconferencia/\" \"Mozilla/5.0 (Windows NT 10.0; Win64; x64) AppleWebKit/537.36 (KHTML, like Gecko) Chrome/81.0.4044.138 Safari/537.36\"\n","level":"info"}
{"message":"::1 - - [22/May/2020:15:03:14 +0000] \"GET /profesores HTTP/1.1\" 304 - \"http://localhost:4200/panel-usuario/videoconferencia/\" \"Mozilla/5.0 (Windows NT 10.0; Win64; x64) AppleWebKit/537.36 (KHTML, like Gecko) Chrome/81.0.4044.138 Safari/537.36\"\n","level":"info"}
{"message":"::1 - - [22/May/2020:15:03:14 +0000] \"GET /usuarios/1 HTTP/1.1\" 304 - \"http://localhost:4200/panel-usuario/videoconferencia\" \"Mozilla/5.0 (Windows NT 10.0; Win64; x64) AppleWebKit/537.36 (KHTML, like Gecko) Chrome/81.0.4044.138 Safari/537.36\"\n","level":"info"}
{"message":"::1 - - [22/May/2020:15:03:14 +0000] \"GET /imagenes/usuarios/1-268.webp HTTP/1.1\" 304 - \"http://localhost:4200/panel-usuario/videoconferencia\" \"Mozilla/5.0 (Windows NT 10.0; Win64; x64) AppleWebKit/537.36 (KHTML, like Gecko) Chrome/81.0.4044.138 Safari/537.36\"\n","level":"info"}
{"message":"::1 - - [22/May/2020:15:03:14 +0000] \"GET /profesores HTTP/1.1\" 304 - \"http://localhost:4200/panel-usuario/videoconferencia\" \"Mozilla/5.0 (Windows NT 10.0; Win64; x64) AppleWebKit/537.36 (KHTML, like Gecko) Chrome/81.0.4044.138 Safari/537.36\"\n","level":"info"}
{"message":"::1 - - [05/Jun/2020:16:13:28 +0000] \"GET /impartes HTTP/1.1\" 200 5651 \"http://localhost:4200/home\" \"Mozilla/5.0 (Windows NT 10.0; Win64; x64) AppleWebKit/537.36 (KHTML, like Gecko) Chrome/83.0.4103.61 Safari/537.36\"\n","level":"info"}
{"message":"::1 - - [05/Jun/2020:16:13:28 +0000] \"GET /profesores HTTP/1.1\" 200 64294 \"http://localhost:4200/\" \"Mozilla/5.0 (Windows NT 10.0; Win64; x64) AppleWebKit/537.36 (KHTML, like Gecko) Chrome/83.0.4103.61 Safari/537.36\"\n","level":"info"}
{"message":"::1 - - [05/Jun/2020:16:13:28 +0000] \"GET /profesores/mejoresValorados HTTP/1.1\" 200 997 \"http://localhost:4200/home\" \"Mozilla/5.0 (Windows NT 10.0; Win64; x64) AppleWebKit/537.36 (KHTML, like Gecko) Chrome/83.0.4103.61 Safari/537.36\"\n","level":"info"}
{"message":"::1 - - [05/Jun/2020:16:13:28 +0000] \"GET /notificaciones/NotisUsuario/1 HTTP/1.1\" 200 2 \"http://localhost:4200/home\" \"Mozilla/5.0 (Windows NT 10.0; Win64; x64) AppleWebKit/537.36 (KHTML, like Gecko) Chrome/83.0.4103.61 Safari/537.36\"\n","level":"info"}
{"message":"::1 - - [05/Jun/2020:16:13:28 +0000] \"GET /usuarios/1 HTTP/1.1\" 200 399 \"http://localhost:4200/\" \"Mozilla/5.0 (Windows NT 10.0; Win64; x64) AppleWebKit/537.36 (KHTML, like Gecko) Chrome/83.0.4103.61 Safari/537.36\"\n","level":"info"}
{"message":"::1 - - [05/Jun/2020:16:13:28 +0000] \"GET /profesores HTTP/1.1\" 304 - \"http://localhost:4200/home\" \"Mozilla/5.0 (Windows NT 10.0; Win64; x64) AppleWebKit/537.36 (KHTML, like Gecko) Chrome/83.0.4103.61 Safari/537.36\"\n","level":"info"}
{"message":"::1 - - [05/Jun/2020:16:13:28 +0000] \"GET /usuarios/1 HTTP/1.1\" 304 - \"http://localhost:4200/home\" \"Mozilla/5.0 (Windows NT 10.0; Win64; x64) AppleWebKit/537.36 (KHTML, like Gecko) Chrome/83.0.4103.61 Safari/537.36\"\n","level":"info"}
{"message":"::1 - - [05/Jun/2020:16:13:28 +0000] \"GET /impartes/profesor/1 HTTP/1.1\" 200 1037 \"http://localhost:4200/home\" \"Mozilla/5.0 (Windows NT 10.0; Win64; x64) AppleWebKit/537.36 (KHTML, like Gecko) Chrome/83.0.4103.61 Safari/537.36\"\n","level":"info"}
{"message":"::1 - - [05/Jun/2020:16:13:28 +0000] \"GET /impartes/profesor/501 HTTP/1.1\" 200 619 \"http://localhost:4200/home\" \"Mozilla/5.0 (Windows NT 10.0; Win64; x64) AppleWebKit/537.36 (KHTML, like Gecko) Chrome/83.0.4103.61 Safari/537.36\"\n","level":"info"}
{"message":"::1 - - [05/Jun/2020:16:13:28 +0000] \"GET /usuarios/1003 HTTP/1.1\" 200 567 \"http://localhost:4200/home\" \"Mozilla/5.0 (Windows NT 10.0; Win64; x64) AppleWebKit/537.36 (KHTML, like Gecko) Chrome/83.0.4103.61 Safari/537.36\"\n","level":"info"}
{"message":"::1 - - [05/Jun/2020:16:13:28 +0000] \"GET /imagenes/usuarios/1-268.webp HTTP/1.1\" 200 61298 \"http://localhost:4200/home\" \"Mozilla/5.0 (Windows NT 10.0; Win64; x64) AppleWebKit/537.36 (KHTML, like Gecko) Chrome/83.0.4103.61 Safari/537.36\"\n","level":"info"}
{"message":"::1 - - [05/Jun/2020:16:13:28 +0000] \"GET /impartes/profesor/3 HTTP/1.1\" 200 627 \"http://localhost:4200/home\" \"Mozilla/5.0 (Windows NT 10.0; Win64; x64) AppleWebKit/537.36 (KHTML, like Gecko) Chrome/83.0.4103.61 Safari/537.36\"\n","level":"info"}
{"message":"::1 - - [05/Jun/2020:16:13:28 +0000] \"GET /usuarios/3 HTTP/1.1\" 200 445 \"http://localhost:4200/home\" \"Mozilla/5.0 (Windows NT 10.0; Win64; x64) AppleWebKit/537.36 (KHTML, like Gecko) Chrome/83.0.4103.61 Safari/537.36\"\n","level":"info"}
{"message":"::1 - - [05/Jun/2020:16:13:28 +0000] \"GET /impartes/profesor/505 HTTP/1.1\" 200 417 \"http://localhost:4200/home\" \"Mozilla/5.0 (Windows NT 10.0; Win64; x64) AppleWebKit/537.36 (KHTML, like Gecko) Chrome/83.0.4103.61 Safari/537.36\"\n","level":"info"}
{"message":"::1 - - [05/Jun/2020:16:13:28 +0000] \"GET /usuarios/1030 HTTP/1.1\" 200 588 \"http://localhost:4200/home\" \"Mozilla/5.0 (Windows NT 10.0; Win64; x64) AppleWebKit/537.36 (KHTML, like Gecko) Chrome/83.0.4103.61 Safari/537.36\"\n","level":"info"}
{"message":"::1 - - [05/Jun/2020:16:13:28 +0000] \"GET /impartes/profesor/5 HTTP/1.1\" 200 205 \"http://localhost:4200/home\" \"Mozilla/5.0 (Windows NT 10.0; Win64; x64) AppleWebKit/537.36 (KHTML, like Gecko) Chrome/83.0.4103.61 Safari/537.36\"\n","level":"info"}
{"message":"::1 - - [05/Jun/2020:16:13:28 +0000] \"GET /usuarios/5 HTTP/1.1\" 200 436 \"http://localhost:4200/home\" \"Mozilla/5.0 (Windows NT 10.0; Win64; x64) AppleWebKit/537.36 (KHTML, like Gecko) Chrome/83.0.4103.61 Safari/537.36\"\n","level":"info"}
{"message":"::1 - - [05/Jun/2020:16:13:28 +0000] \"GET /impartes/profesor/6 HTTP/1.1\" 200 210 \"http://localhost:4200/home\" \"Mozilla/5.0 (Windows NT 10.0; Win64; x64) AppleWebKit/537.36 (KHTML, like Gecko) Chrome/83.0.4103.61 Safari/537.36\"\n","level":"info"}
{"message":"::1 - - [05/Jun/2020:16:13:28 +0000] \"GET /usuarios/6 HTTP/1.1\" 200 499 \"http://localhost:4200/home\" \"Mozilla/5.0 (Windows NT 10.0; Win64; x64) AppleWebKit/537.36 (KHTML, like Gecko) Chrome/83.0.4103.61 Safari/537.36\"\n","level":"info"}
{"message":"::1 - - [05/Jun/2020:16:13:28 +0000] \"GET /impartes/profesor/7 HTTP/1.1\" 200 2 \"http://localhost:4200/home\" \"Mozilla/5.0 (Windows NT 10.0; Win64; x64) AppleWebKit/537.36 (KHTML, like Gecko) Chrome/83.0.4103.61 Safari/537.36\"\n","level":"info"}
{"message":"::1 - - [05/Jun/2020:16:13:28 +0000] \"GET /usuarios/7 HTTP/1.1\" 200 527 \"http://localhost:4200/home\" \"Mozilla/5.0 (Windows NT 10.0; Win64; x64) AppleWebKit/537.36 (KHTML, like Gecko) Chrome/83.0.4103.61 Safari/537.36\"\n","level":"info"}
{"message":"::1 - - [05/Jun/2020:16:13:28 +0000] \"GET /impartes/profesor/8 HTTP/1.1\" 200 2 \"http://localhost:4200/home\" \"Mozilla/5.0 (Windows NT 10.0; Win64; x64) AppleWebKit/537.36 (KHTML, like Gecko) Chrome/83.0.4103.61 Safari/537.36\"\n","level":"info"}
{"message":"::1 - - [05/Jun/2020:16:13:28 +0000] \"GET /usuarios/8 HTTP/1.1\" 200 510 \"http://localhost:4200/home\" \"Mozilla/5.0 (Windows NT 10.0; Win64; x64) AppleWebKit/537.36 (KHTML, like Gecko) Chrome/83.0.4103.61 Safari/537.36\"\n","level":"info"}
{"message":"::1 - - [05/Jun/2020:16:13:28 +0000] \"GET /usuarios/1 HTTP/1.1\" 304 - \"http://localhost:4200/home\" \"Mozilla/5.0 (Windows NT 10.0; Win64; x64) AppleWebKit/537.36 (KHTML, like Gecko) Chrome/83.0.4103.61 Safari/537.36\"\n","level":"info"}
{"message":"::1 - - [05/Jun/2020:16:13:28 +0000] \"GET /imagenes/usuarios/1003-786.webp HTTP/1.1\" 200 61298 \"http://localhost:4200/home\" \"Mozilla/5.0 (Windows NT 10.0; Win64; x64) AppleWebKit/537.36 (KHTML, like Gecko) Chrome/83.0.4103.61 Safari/537.36\"\n","level":"info"}
{"message":"::1 - - [05/Jun/2020:16:13:28 +0000] \"GET /imagenes/usuarios/1030-615.webp HTTP/1.1\" 200 31756 \"http://localhost:4200/home\" \"Mozilla/5.0 (Windows NT 10.0; Win64; x64) AppleWebKit/537.36 (KHTML, like Gecko) Chrome/83.0.4103.61 Safari/537.36\"\n","level":"info"}
{"message":"::1 - - [05/Jun/2020:16:13:38 +0000] \"GET /usuarios/1 HTTP/1.1\" 304 - \"http://localhost:4200/home/videoconferencia\" \"Mozilla/5.0 (Windows NT 10.0; Win64; x64) AppleWebKit/537.36 (KHTML, like Gecko) Chrome/83.0.4103.61 Safari/537.36\"\n","level":"info"}
{"message":"::1 - - [05/Jun/2020:16:13:38 +0000] \"GET /profesores HTTP/1.1\" 304 - \"http://localhost:4200/home/videoconferencia\" \"Mozilla/5.0 (Windows NT 10.0; Win64; x64) AppleWebKit/537.36 (KHTML, like Gecko) Chrome/83.0.4103.61 Safari/537.36\"\n","level":"info"}
{"message":"::1 - - [05/Jun/2020:16:13:38 +0000] \"GET /impartes HTTP/1.1\" 304 - \"http://localhost:4200/home\" \"Mozilla/5.0 (Windows NT 10.0; Win64; x64) AppleWebKit/537.36 (KHTML, like Gecko) Chrome/83.0.4103.61 Safari/537.36\"\n","level":"info"}
{"message":"::1 - - [05/Jun/2020:16:13:38 +0000] \"GET /profesores/mejoresValorados HTTP/1.1\" 304 - \"http://localhost:4200/home\" \"Mozilla/5.0 (Windows NT 10.0; Win64; x64) AppleWebKit/537.36 (KHTML, like Gecko) Chrome/83.0.4103.61 Safari/537.36\"\n","level":"info"}
{"message":"::1 - - [05/Jun/2020:16:13:38 +0000] \"GET /profesores HTTP/1.1\" 304 - \"http://localhost:4200/home\" \"Mozilla/5.0 (Windows NT 10.0; Win64; x64) AppleWebKit/537.36 (KHTML, like Gecko) Chrome/83.0.4103.61 Safari/537.36\"\n","level":"info"}
{"message":"::1 - - [05/Jun/2020:16:13:38 +0000] \"GET /imagenes/usuarios/1-268.webp HTTP/1.1\" 304 - \"http://localhost:4200/home\" \"Mozilla/5.0 (Windows NT 10.0; Win64; x64) AppleWebKit/537.36 (KHTML, like Gecko) Chrome/83.0.4103.61 Safari/537.36\"\n","level":"info"}
{"message":"::1 - - [05/Jun/2020:16:13:38 +0000] \"GET /usuarios/1 HTTP/1.1\" 304 - \"http://localhost:4200/home\" \"Mozilla/5.0 (Windows NT 10.0; Win64; x64) AppleWebKit/537.36 (KHTML, like Gecko) Chrome/83.0.4103.61 Safari/537.36\"\n","level":"info"}
{"message":"::1 - - [05/Jun/2020:16:13:38 +0000] \"GET /notificaciones/NotisUsuario/1 HTTP/1.1\" 304 - \"http://localhost:4200/home\" \"Mozilla/5.0 (Windows NT 10.0; Win64; x64) AppleWebKit/537.36 (KHTML, like Gecko) Chrome/83.0.4103.61 Safari/537.36\"\n","level":"info"}
{"message":"::1 - - [05/Jun/2020:16:13:38 +0000] \"GET /impartes/profesor/1 HTTP/1.1\" 304 - \"http://localhost:4200/home\" \"Mozilla/5.0 (Windows NT 10.0; Win64; x64) AppleWebKit/537.36 (KHTML, like Gecko) Chrome/83.0.4103.61 Safari/537.36\"\n","level":"info"}
{"message":"::1 - - [05/Jun/2020:16:13:38 +0000] \"GET /usuarios/1 HTTP/1.1\" 304 - \"http://localhost:4200/home\" \"Mozilla/5.0 (Windows NT 10.0; Win64; x64) AppleWebKit/537.36 (KHTML, like Gecko) Chrome/83.0.4103.61 Safari/537.36\"\n","level":"info"}
{"message":"::1 - - [05/Jun/2020:16:13:38 +0000] \"GET /impartes/profesor/501 HTTP/1.1\" 304 - \"http://localhost:4200/home\" \"Mozilla/5.0 (Windows NT 10.0; Win64; x64) AppleWebKit/537.36 (KHTML, like Gecko) Chrome/83.0.4103.61 Safari/537.36\"\n","level":"info"}
{"message":"::1 - - [05/Jun/2020:16:13:38 +0000] \"GET /usuarios/1003 HTTP/1.1\" 304 - \"http://localhost:4200/home\" \"Mozilla/5.0 (Windows NT 10.0; Win64; x64) AppleWebKit/537.36 (KHTML, like Gecko) Chrome/83.0.4103.61 Safari/537.36\"\n","level":"info"}
{"message":"::1 - - [05/Jun/2020:16:13:38 +0000] \"GET /impartes/profesor/3 HTTP/1.1\" 304 - \"http://localhost:4200/home\" \"Mozilla/5.0 (Windows NT 10.0; Win64; x64) AppleWebKit/537.36 (KHTML, like Gecko) Chrome/83.0.4103.61 Safari/537.36\"\n","level":"info"}
{"message":"::1 - - [05/Jun/2020:16:13:38 +0000] \"GET /usuarios/3 HTTP/1.1\" 304 - \"http://localhost:4200/home\" \"Mozilla/5.0 (Windows NT 10.0; Win64; x64) AppleWebKit/537.36 (KHTML, like Gecko) Chrome/83.0.4103.61 Safari/537.36\"\n","level":"info"}
{"message":"::1 - - [05/Jun/2020:16:13:38 +0000] \"GET /impartes/profesor/505 HTTP/1.1\" 304 - \"http://localhost:4200/home\" \"Mozilla/5.0 (Windows NT 10.0; Win64; x64) AppleWebKit/537.36 (KHTML, like Gecko) Chrome/83.0.4103.61 Safari/537.36\"\n","level":"info"}
{"message":"::1 - - [05/Jun/2020:16:13:38 +0000] \"GET /usuarios/1030 HTTP/1.1\" 304 - \"http://localhost:4200/home\" \"Mozilla/5.0 (Windows NT 10.0; Win64; x64) AppleWebKit/537.36 (KHTML, like Gecko) Chrome/83.0.4103.61 Safari/537.36\"\n","level":"info"}
{"message":"::1 - - [05/Jun/2020:16:13:38 +0000] \"GET /impartes/profesor/5 HTTP/1.1\" 304 - \"http://localhost:4200/home\" \"Mozilla/5.0 (Windows NT 10.0; Win64; x64) AppleWebKit/537.36 (KHTML, like Gecko) Chrome/83.0.4103.61 Safari/537.36\"\n","level":"info"}
{"message":"::1 - - [05/Jun/2020:16:13:38 +0000] \"GET /usuarios/5 HTTP/1.1\" 304 - \"http://localhost:4200/home\" \"Mozilla/5.0 (Windows NT 10.0; Win64; x64) AppleWebKit/537.36 (KHTML, like Gecko) Chrome/83.0.4103.61 Safari/537.36\"\n","level":"info"}
{"message":"::1 - - [05/Jun/2020:16:13:38 +0000] \"GET /impartes/profesor/6 HTTP/1.1\" 304 - \"http://localhost:4200/home\" \"Mozilla/5.0 (Windows NT 10.0; Win64; x64) AppleWebKit/537.36 (KHTML, like Gecko) Chrome/83.0.4103.61 Safari/537.36\"\n","level":"info"}
{"message":"::1 - - [05/Jun/2020:16:13:38 +0000] \"GET /usuarios/6 HTTP/1.1\" 304 - \"http://localhost:4200/home\" \"Mozilla/5.0 (Windows NT 10.0; Win64; x64) AppleWebKit/537.36 (KHTML, like Gecko) Chrome/83.0.4103.61 Safari/537.36\"\n","level":"info"}
{"message":"::1 - - [05/Jun/2020:16:13:38 +0000] \"GET /imagenes/usuarios/1003-786.webp HTTP/1.1\" 304 - \"http://localhost:4200/home\" \"Mozilla/5.0 (Windows NT 10.0; Win64; x64) AppleWebKit/537.36 (KHTML, like Gecko) Chrome/83.0.4103.61 Safari/537.36\"\n","level":"info"}
{"message":"::1 - - [05/Jun/2020:16:13:38 +0000] \"GET /impartes/profesor/7 HTTP/1.1\" 304 - \"http://localhost:4200/home\" \"Mozilla/5.0 (Windows NT 10.0; Win64; x64) AppleWebKit/537.36 (KHTML, like Gecko) Chrome/83.0.4103.61 Safari/537.36\"\n","level":"info"}
{"message":"::1 - - [05/Jun/2020:16:13:38 +0000] \"GET /usuarios/7 HTTP/1.1\" 304 - \"http://localhost:4200/home\" \"Mozilla/5.0 (Windows NT 10.0; Win64; x64) AppleWebKit/537.36 (KHTML, like Gecko) Chrome/83.0.4103.61 Safari/537.36\"\n","level":"info"}
{"message":"::1 - - [05/Jun/2020:16:13:38 +0000] \"GET /impartes/profesor/8 HTTP/1.1\" 304 - \"http://localhost:4200/home\" \"Mozilla/5.0 (Windows NT 10.0; Win64; x64) AppleWebKit/537.36 (KHTML, like Gecko) Chrome/83.0.4103.61 Safari/537.36\"\n","level":"info"}
{"message":"::1 - - [05/Jun/2020:16:13:38 +0000] \"GET /imagenes/usuarios/1030-615.webp HTTP/1.1\" 304 - \"http://localhost:4200/home\" \"Mozilla/5.0 (Windows NT 10.0; Win64; x64) AppleWebKit/537.36 (KHTML, like Gecko) Chrome/83.0.4103.61 Safari/537.36\"\n","level":"info"}
{"message":"::1 - - [05/Jun/2020:16:13:38 +0000] \"GET /usuarios/8 HTTP/1.1\" 304 - \"http://localhost:4200/home\" \"Mozilla/5.0 (Windows NT 10.0; Win64; x64) AppleWebKit/537.36 (KHTML, like Gecko) Chrome/83.0.4103.61 Safari/537.36\"\n","level":"info"}
{"message":"::1 - - [05/Jun/2020:16:13:44 +0000] \"GET /usuarios/1 HTTP/1.1\" 304 - \"http://localhost:4200/panel-usuario/videoconferencia\" \"Mozilla/5.0 (Windows NT 10.0; Win64; x64) AppleWebKit/537.36 (KHTML, like Gecko) Chrome/83.0.4103.61 Safari/537.36\"\n","level":"info"}
{"message":"::1 - - [05/Jun/2020:16:13:44 +0000] \"GET /profesores HTTP/1.1\" 304 - \"http://localhost:4200/panel-usuario/videoconferencia\" \"Mozilla/5.0 (Windows NT 10.0; Win64; x64) AppleWebKit/537.36 (KHTML, like Gecko) Chrome/83.0.4103.61 Safari/537.36\"\n","level":"info"}
{"message":"::1 - - [05/Jun/2020:16:13:44 +0000] \"GET /usuarios/1 HTTP/1.1\" 304 - \"http://localhost:4200/panel-usuario/videoconferencia\" \"Mozilla/5.0 (Windows NT 10.0; Win64; x64) AppleWebKit/537.36 (KHTML, like Gecko) Chrome/83.0.4103.61 Safari/537.36\"\n","level":"info"}
{"message":"::1 - - [05/Jun/2020:16:13:44 +0000] \"GET /imagenes/usuarios/1-268.webp HTTP/1.1\" 304 - \"http://localhost:4200/panel-usuario/videoconferencia\" \"Mozilla/5.0 (Windows NT 10.0; Win64; x64) AppleWebKit/537.36 (KHTML, like Gecko) Chrome/83.0.4103.61 Safari/537.36\"\n","level":"info"}
{"message":"::1 - - [05/Jun/2020:16:13:44 +0000] \"GET /profesores HTTP/1.1\" 304 - \"http://localhost:4200/panel-usuario/videoconferencia\" \"Mozilla/5.0 (Windows NT 10.0; Win64; x64) AppleWebKit/537.36 (KHTML, like Gecko) Chrome/83.0.4103.61 Safari/537.36\"\n","level":"info"}
{"message":"::1 - - [05/Jun/2020:16:14:00 +0000] \"GET /usuarios/1 HTTP/1.1\" 304 - \"http://localhost:4200/panel-usuario/videoconferencia\" \"Mozilla/5.0 (Windows NT 10.0; Win64; x64) AppleWebKit/537.36 (KHTML, like Gecko) Chrome/83.0.4103.61 Safari/537.36\"\n","level":"info"}
{"message":"::1 - - [05/Jun/2020:16:14:00 +0000] \"GET /profesores HTTP/1.1\" 304 - \"http://localhost:4200/panel-usuario/videoconferencia\" \"Mozilla/5.0 (Windows NT 10.0; Win64; x64) AppleWebKit/537.36 (KHTML, like Gecko) Chrome/83.0.4103.61 Safari/537.36\"\n","level":"info"}
{"message":"::1 - - [05/Jun/2020:16:14:00 +0000] \"GET /usuarios/1 HTTP/1.1\" 304 - \"http://localhost:4200/panel-usuario/videoconferencia\" \"Mozilla/5.0 (Windows NT 10.0; Win64; x64) AppleWebKit/537.36 (KHTML, like Gecko) Chrome/83.0.4103.61 Safari/537.36\"\n","level":"info"}
{"message":"::1 - - [05/Jun/2020:16:14:00 +0000] \"GET /imagenes/usuarios/1-268.webp HTTP/1.1\" 304 - \"http://localhost:4200/panel-usuario/videoconferencia\" \"Mozilla/5.0 (Windows NT 10.0; Win64; x64) AppleWebKit/537.36 (KHTML, like Gecko) Chrome/83.0.4103.61 Safari/537.36\"\n","level":"info"}
{"message":"::1 - - [05/Jun/2020:16:14:00 +0000] \"GET /profesores HTTP/1.1\" 304 - \"http://localhost:4200/panel-usuario/videoconferencia\" \"Mozilla/5.0 (Windows NT 10.0; Win64; x64) AppleWebKit/537.36 (KHTML, like Gecko) Chrome/83.0.4103.61 Safari/537.36\"\n","level":"info"}
{"message":"::1 - - [05/Jun/2020:16:14:46 +0000] \"GET /usuarios/1 HTTP/1.1\" 304 - \"http://localhost:4200/panel-usuario/videoconferencia\" \"Mozilla/5.0 (Windows NT 10.0; Win64; x64) AppleWebKit/537.36 (KHTML, like Gecko) Chrome/83.0.4103.61 Safari/537.36\"\n","level":"info"}
{"message":"::1 - - [05/Jun/2020:16:14:46 +0000] \"GET /profesores HTTP/1.1\" 304 - \"http://localhost:4200/panel-usuario/videoconferencia\" \"Mozilla/5.0 (Windows NT 10.0; Win64; x64) AppleWebKit/537.36 (KHTML, like Gecko) Chrome/83.0.4103.61 Safari/537.36\"\n","level":"info"}
{"message":"::1 - - [05/Jun/2020:16:14:46 +0000] \"GET /usuarios/1 HTTP/1.1\" 304 - \"http://localhost:4200/panel-usuario/videoconferencia\" \"Mozilla/5.0 (Windows NT 10.0; Win64; x64) AppleWebKit/537.36 (KHTML, like Gecko) Chrome/83.0.4103.61 Safari/537.36\"\n","level":"info"}
{"message":"::1 - - [05/Jun/2020:16:14:46 +0000] \"GET /imagenes/usuarios/1-268.webp HTTP/1.1\" 304 - \"http://localhost:4200/panel-usuario/videoconferencia\" \"Mozilla/5.0 (Windows NT 10.0; Win64; x64) AppleWebKit/537.36 (KHTML, like Gecko) Chrome/83.0.4103.61 Safari/537.36\"\n","level":"info"}
{"message":"::1 - - [05/Jun/2020:16:14:46 +0000] \"GET /profesores HTTP/1.1\" 304 - \"http://localhost:4200/panel-usuario/videoconferencia\" \"Mozilla/5.0 (Windows NT 10.0; Win64; x64) AppleWebKit/537.36 (KHTML, like Gecko) Chrome/83.0.4103.61 Safari/537.36\"\n","level":"info"}
{"message":"::1 - - [05/Jun/2020:16:16:09 +0000] \"GET /usuarios/1 HTTP/1.1\" 304 - \"http://localhost:4200/panel-usuario/videoconferencia\" \"Mozilla/5.0 (Windows NT 10.0; Win64; x64) AppleWebKit/537.36 (KHTML, like Gecko) Chrome/83.0.4103.61 Safari/537.36\"\n","level":"info"}
{"message":"::1 - - [05/Jun/2020:16:16:09 +0000] \"GET /profesores HTTP/1.1\" 304 - \"http://localhost:4200/panel-usuario/videoconferencia\" \"Mozilla/5.0 (Windows NT 10.0; Win64; x64) AppleWebKit/537.36 (KHTML, like Gecko) Chrome/83.0.4103.61 Safari/537.36\"\n","level":"info"}
{"message":"::1 - - [05/Jun/2020:16:16:09 +0000] \"GET /usuarios/1 HTTP/1.1\" 304 - \"http://localhost:4200/panel-usuario/videoconferencia\" \"Mozilla/5.0 (Windows NT 10.0; Win64; x64) AppleWebKit/537.36 (KHTML, like Gecko) Chrome/83.0.4103.61 Safari/537.36\"\n","level":"info"}
{"message":"::1 - - [05/Jun/2020:16:16:09 +0000] \"GET /imagenes/usuarios/1-268.webp HTTP/1.1\" 304 - \"http://localhost:4200/panel-usuario/videoconferencia\" \"Mozilla/5.0 (Windows NT 10.0; Win64; x64) AppleWebKit/537.36 (KHTML, like Gecko) Chrome/83.0.4103.61 Safari/537.36\"\n","level":"info"}
{"message":"::1 - - [05/Jun/2020:16:16:09 +0000] \"GET /profesores HTTP/1.1\" 304 - \"http://localhost:4200/panel-usuario/videoconferencia\" \"Mozilla/5.0 (Windows NT 10.0; Win64; x64) AppleWebKit/537.36 (KHTML, like Gecko) Chrome/83.0.4103.61 Safari/537.36\"\n","level":"info"}
{"message":"::1 - - [05/Jun/2020:16:17:03 +0000] \"GET /usuarios/1 HTTP/1.1\" 304 - \"http://localhost:4200/panel-usuario/videoconferencia\" \"Mozilla/5.0 (Windows NT 10.0; Win64; x64) AppleWebKit/537.36 (KHTML, like Gecko) Chrome/83.0.4103.61 Safari/537.36\"\n","level":"info"}
{"message":"::1 - - [05/Jun/2020:16:17:03 +0000] \"GET /profesores HTTP/1.1\" 304 - \"http://localhost:4200/panel-usuario/videoconferencia\" \"Mozilla/5.0 (Windows NT 10.0; Win64; x64) AppleWebKit/537.36 (KHTML, like Gecko) Chrome/83.0.4103.61 Safari/537.36\"\n","level":"info"}
{"message":"::1 - - [05/Jun/2020:16:17:03 +0000] \"GET /usuarios/1 HTTP/1.1\" 304 - \"http://localhost:4200/panel-usuario/videoconferencia\" \"Mozilla/5.0 (Windows NT 10.0; Win64; x64) AppleWebKit/537.36 (KHTML, like Gecko) Chrome/83.0.4103.61 Safari/537.36\"\n","level":"info"}
{"message":"::1 - - [05/Jun/2020:16:17:03 +0000] \"GET /profesores HTTP/1.1\" 304 - \"http://localhost:4200/panel-usuario/videoconferencia\" \"Mozilla/5.0 (Windows NT 10.0; Win64; x64) AppleWebKit/537.36 (KHTML, like Gecko) Chrome/83.0.4103.61 Safari/537.36\"\n","level":"info"}
{"message":"::1 - - [05/Jun/2020:16:17:03 +0000] \"GET /imagenes/usuarios/1-268.webp HTTP/1.1\" 304 - \"http://localhost:4200/panel-usuario/videoconferencia\" \"Mozilla/5.0 (Windows NT 10.0; Win64; x64) AppleWebKit/537.36 (KHTML, like Gecko) Chrome/83.0.4103.61 Safari/537.36\"\n","level":"info"}
